{"contracts\\AirdropBonus.sol":{"l":{"26":36,"29":36,"30":36,"31":36,"32":36,"33":36,"34":36,"35":36,"36":36,"37":36,"41":93,"42":92,"46":95,"47":93,"52":3,"56":17,"58":17,"59":99,"60":99,"62":88,"63":88,"65":87,"66":87,"68":82,"69":82,"70":81,"71":81},"path":"C:\\Users\\aashu\\OneDrive\\Desktop\\Projects\\bitton-contracts\\contracts\\AirdropBonus.sol","s":{"1":93,"2":95,"3":3,"4":17,"5":17,"6":99,"7":88,"8":88,"9":87,"10":87,"11":82,"12":82,"13":81,"14":81},"b":{"1":[93,1],"2":[92,1],"3":[95,1],"4":[93,2],"5":[17,1],"6":[17,0],"7":[11,88],"8":[1,87],"9":[5,82],"10":[81,1]},"f":{"1":36,"2":93,"3":95,"4":3,"5":17},"fnMap":{"1":{"name":"constructor","line":25,"loc":{"start":{"line":25,"column":4},"end":{"line":38,"column":4}}},"2":{"name":"setReferrer","line":40,"loc":{"start":{"line":40,"column":4},"end":{"line":43,"column":4}}},"3":{"name":"setUserRank","line":45,"loc":{"start":{"line":45,"column":4},"end":{"line":48,"column":4}}},"4":{"name":"referrers","line":51,"loc":{"start":{"line":51,"column":4},"end":{"line":53,"column":4}}},"5":{"name":"distributeAirdrop","line":55,"loc":{"start":{"line":55,"column":4},"end":{"line":74,"column":4}}}},"statementMap":{"1":{"start":{"line":41,"column":8},"end":{"line":41,"column":78}},"2":{"start":{"line":46,"column":8},"end":{"line":46,"column":54}},"3":{"start":{"line":52,"column":8},"end":{"line":52,"column":39}},"4":{"start":{"line":56,"column":8},"end":{"line":56,"column":31}},"5":{"start":{"line":58,"column":8},"end":{"line":58,"column":2469}},"6":{"start":{"line":60,"column":12},"end":{"line":60,"column":44}},"7":{"start":{"line":62,"column":12},"end":{"line":62,"column":54}},"8":{"start":{"line":63,"column":12},"end":{"line":63,"column":39}},"9":{"start":{"line":65,"column":12},"end":{"line":65,"column":71}},"10":{"start":{"line":66,"column":12},"end":{"line":66,"column":42}},"11":{"start":{"line":68,"column":12},"end":{"line":68,"column":66}},"12":{"start":{"line":69,"column":12},"end":{"line":69,"column":2930}},"13":{"start":{"line":70,"column":16},"end":{"line":70,"column":52}},"14":{"start":{"line":71,"column":16},"end":{"line":71,"column":69}}},"branchMap":{"1":{"line":40,"type":"if","locations":[{"start":{"line":40,"column":66},"end":{"line":40,"column":66}},{"start":{"line":40,"column":66},"end":{"line":40,"column":66}}]},"2":{"line":41,"type":"if","locations":[{"start":{"line":41,"column":8},"end":{"line":41,"column":8}},{"start":{"line":41,"column":8},"end":{"line":41,"column":8}}]},"3":{"line":45,"type":"if","locations":[{"start":{"line":45,"column":62},"end":{"line":45,"column":62}},{"start":{"line":45,"column":62},"end":{"line":45,"column":62}}]},"4":{"line":46,"type":"if","locations":[{"start":{"line":46,"column":8},"end":{"line":46,"column":8}},{"start":{"line":46,"column":8},"end":{"line":46,"column":8}}]},"5":{"line":55,"type":"if","locations":[{"start":{"line":55,"column":79},"end":{"line":55,"column":79}},{"start":{"line":55,"column":79},"end":{"line":55,"column":79}}]},"6":{"line":55,"type":"if","locations":[{"start":{"line":55,"column":89},"end":{"line":55,"column":89}},{"start":{"line":55,"column":89},"end":{"line":55,"column":89}}]},"7":{"line":60,"type":"if","locations":[{"start":{"line":60,"column":12},"end":{"line":60,"column":12}},{"start":{"line":60,"column":12},"end":{"line":60,"column":12}}]},"8":{"line":63,"type":"if","locations":[{"start":{"line":63,"column":12},"end":{"line":63,"column":12}},{"start":{"line":63,"column":12},"end":{"line":63,"column":12}}]},"9":{"line":66,"type":"if","locations":[{"start":{"line":66,"column":12},"end":{"line":66,"column":12}},{"start":{"line":66,"column":12},"end":{"line":66,"column":12}}]},"10":{"line":69,"type":"if","locations":[{"start":{"line":69,"column":12},"end":{"line":69,"column":12}},{"start":{"line":69,"column":12},"end":{"line":69,"column":12}}]}}},"contracts\\BonusEngine.sol":{"l":{"79":1,"94":135,"96":134,"97":134,"98":134,"100":134,"101":134,"102":134,"104":134,"105":134,"106":134,"110":134,"111":134,"112":134,"113":134,"114":134,"118":134,"119":134,"120":134,"131":94,"132":93,"133":92,"137":91,"138":91,"139":94,"140":92,"143":89,"144":89,"146":89,"162":11,"163":11,"165":10,"167":9,"168":9,"170":8,"172":8,"195":27,"197":26,"198":26,"200":26,"202":55,"203":38,"204":38,"205":36,"206":36,"210":55,"211":55,"221":5,"228":3,"235":3,"243":7,"249":3,"253":2,"257":2,"261":5,"265":1,"283":62,"284":61,"286":47,"287":47,"288":47,"292":45,"293":44,"294":44,"297":42},"path":"C:\\Users\\aashu\\OneDrive\\Desktop\\Projects\\bitton-contracts\\contracts\\BonusEngine.sol","s":{"1":1,"2":135,"3":134,"4":134,"5":134,"6":134,"7":134,"8":134,"9":134,"10":94,"11":93,"12":92,"13":91,"14":91,"15":94,"16":89,"17":89,"18":11,"19":11,"20":1,"21":10,"22":9,"23":9,"24":1,"25":8,"26":8,"27":27,"28":26,"29":26,"30":26,"31":55,"32":38,"33":38,"34":36,"35":36,"36":5,"37":3,"38":3,"39":7,"40":5,"41":1,"42":62,"43":61,"44":14,"45":47,"46":47,"47":47,"48":3,"49":45,"50":44,"51":44,"52":3,"53":42},"b":{"1":[135,1],"2":[1,134],"3":[94,1],"4":[1,93],"5":[1,92],"6":[1,91],"7":[2,92],"8":[12,1],"9":[11,1],"10":[1,10],"11":[1,9],"12":[1,8],"13":[28,1],"14":[27,1],"15":[1,26],"16":[38,17],"17":[36,2],"18":[3,1],"19":[2,1],"20":[2,1],"21":[5,1],"22":[1,1],"23":[61,1],"24":[14,47],"25":[3,44],"26":[44,1],"27":[3,41],"28":[1,1]},"f":{"1":1,"2":135,"3":94,"4":11,"5":27,"6":5,"7":3,"8":3,"9":7,"10":3,"11":2,"12":2,"13":5,"14":1,"15":62,"16":1},"fnMap":{"1":{"name":"constructor","line":78,"loc":{"start":{"line":78,"column":4},"end":{"line":80,"column":4}}},"2":{"name":"initialize","line":93,"loc":{"start":{"line":88,"column":4},"end":{"line":121,"column":4}}},"3":{"name":"registerReferrer","line":130,"loc":{"start":{"line":130,"column":4},"end":{"line":147,"column":4}}},"4":{"name":"processDirectBonus","line":161,"loc":{"start":{"line":158,"column":4},"end":{"line":173,"column":4}}},"5":{"name":"processMatchingBonus","line":194,"loc":{"start":{"line":191,"column":4},"end":{"line":213,"column":4}}},"6":{"name":"getReferrer","line":220,"loc":{"start":{"line":220,"column":4},"end":{"line":222,"column":4}}},"7":{"name":"getDownline","line":227,"loc":{"start":{"line":227,"column":4},"end":{"line":229,"column":4}}},"8":{"name":"getDownlineCount","line":234,"loc":{"start":{"line":234,"column":4},"end":{"line":236,"column":4}}},"9":{"name":"isQualified","line":242,"loc":{"start":{"line":242,"column":4},"end":{"line":244,"column":4}}},"10":{"name":"setRewardEngine","line":248,"loc":{"start":{"line":248,"column":4},"end":{"line":250,"column":4}}},"11":{"name":"setVaultManager","line":252,"loc":{"start":{"line":252,"column":4},"end":{"line":254,"column":4}}},"12":{"name":"setStakingVault","line":256,"loc":{"start":{"line":256,"column":4},"end":{"line":258,"column":4}}},"13":{"name":"pause","line":260,"loc":{"start":{"line":260,"column":4},"end":{"line":262,"column":4}}},"14":{"name":"unpause","line":264,"loc":{"start":{"line":264,"column":4},"end":{"line":266,"column":4}}},"15":{"name":"_isQualified","line":281,"loc":{"start":{"line":281,"column":4},"end":{"line":298,"column":4}}},"16":{"name":"_authorizeUpgrade","line":303,"loc":{"start":{"line":303,"column":4},"end":{"line":303,"column":106}}}},"statementMap":{"1":{"start":{"line":79,"column":8},"end":{"line":79,"column":29}},"2":{"start":{"line":94,"column":8},"end":{"line":94,"column":54}},"3":{"start":{"line":96,"column":8},"end":{"line":96,"column":29}},"4":{"start":{"line":97,"column":8},"end":{"line":97,"column":24}},"5":{"start":{"line":98,"column":8},"end":{"line":98,"column":31}},"6":{"start":{"line":100,"column":8},"end":{"line":100,"column":45}},"7":{"start":{"line":101,"column":8},"end":{"line":101,"column":40}},"8":{"start":{"line":102,"column":8},"end":{"line":102,"column":41}},"9":{"start":{"line":113,"column":8},"end":{"line":113,"column":4505}},"10":{"start":{"line":131,"column":8},"end":{"line":131,"column":57}},"11":{"start":{"line":132,"column":8},"end":{"line":132,"column":58}},"12":{"start":{"line":133,"column":8},"end":{"line":133,"column":75}},"13":{"start":{"line":137,"column":8},"end":{"line":137,"column":35}},"14":{"start":{"line":138,"column":8},"end":{"line":138,"column":5448}},"15":{"start":{"line":139,"column":12},"end":{"line":139,"column":64}},"16":{"start":{"line":144,"column":8},"end":{"line":144,"column":44}},"17":{"start":{"line":146,"column":8},"end":{"line":146,"column":54}},"18":{"start":{"line":162,"column":8},"end":{"line":162,"column":38}},"19":{"start":{"line":163,"column":8},"end":{"line":163,"column":37}},"20":{"start":{"line":163,"column":31},"end":{"line":163,"column":37}},"21":{"start":{"line":165,"column":8},"end":{"line":165,"column":67}},"22":{"start":{"line":167,"column":8},"end":{"line":167,"column":65}},"23":{"start":{"line":168,"column":8},"end":{"line":168,"column":30}},"24":{"start":{"line":168,"column":24},"end":{"line":168,"column":30}},"25":{"start":{"line":170,"column":8},"end":{"line":170,"column":63}},"26":{"start":{"line":172,"column":8},"end":{"line":172,"column":66}},"27":{"start":{"line":195,"column":8},"end":{"line":195,"column":67}},"28":{"start":{"line":197,"column":8},"end":{"line":197,"column":41}},"29":{"start":{"line":198,"column":8},"end":{"line":198,"column":23}},"30":{"start":{"line":200,"column":8},"end":{"line":200,"column":7879}},"31":{"start":{"line":202,"column":12},"end":{"line":202,"column":7997}},"32":{"start":{"line":203,"column":16},"end":{"line":203,"column":76}},"33":{"start":{"line":204,"column":16},"end":{"line":204,"column":8134}},"34":{"start":{"line":205,"column":20},"end":{"line":205,"column":80}},"35":{"start":{"line":206,"column":20},"end":{"line":206,"column":77}},"36":{"start":{"line":221,"column":8},"end":{"line":221,"column":29}},"37":{"start":{"line":228,"column":8},"end":{"line":228,"column":30}},"38":{"start":{"line":235,"column":8},"end":{"line":235,"column":37}},"39":{"start":{"line":243,"column":8},"end":{"line":243,"column":40}},"40":{"start":{"line":261,"column":8},"end":{"line":261,"column":15}},"41":{"start":{"line":265,"column":8},"end":{"line":265,"column":17}},"42":{"start":{"line":283,"column":8},"end":{"line":283,"column":10796}},"43":{"start":{"line":284,"column":12},"end":{"line":284,"column":78}},"44":{"start":{"line":284,"column":66},"end":{"line":284,"column":78}},"45":{"start":{"line":286,"column":12},"end":{"line":286,"column":70}},"46":{"start":{"line":287,"column":12},"end":{"line":287,"column":47}},"47":{"start":{"line":288,"column":12},"end":{"line":288,"column":46}},"48":{"start":{"line":288,"column":34},"end":{"line":288,"column":46}},"49":{"start":{"line":292,"column":8},"end":{"line":292,"column":11148}},"50":{"start":{"line":293,"column":12},"end":{"line":293,"column":88}},"51":{"start":{"line":294,"column":12},"end":{"line":294,"column":64}},"52":{"start":{"line":294,"column":52},"end":{"line":294,"column":64}},"53":{"start":{"line":297,"column":8},"end":{"line":297,"column":19}}},"branchMap":{"1":{"line":93,"type":"if","locations":[{"start":{"line":93,"column":15},"end":{"line":93,"column":15}},{"start":{"line":93,"column":15},"end":{"line":93,"column":15}}]},"2":{"line":94,"type":"if","locations":[{"start":{"line":94,"column":8},"end":{"line":94,"column":8}},{"start":{"line":94,"column":8},"end":{"line":94,"column":8}}]},"3":{"line":130,"type":"if","locations":[{"start":{"line":130,"column":58},"end":{"line":130,"column":58}},{"start":{"line":130,"column":58},"end":{"line":130,"column":58}}]},"4":{"line":131,"type":"if","locations":[{"start":{"line":131,"column":8},"end":{"line":131,"column":8}},{"start":{"line":131,"column":8},"end":{"line":131,"column":8}}]},"5":{"line":132,"type":"if","locations":[{"start":{"line":132,"column":8},"end":{"line":132,"column":8}},{"start":{"line":132,"column":8},"end":{"line":132,"column":8}}]},"6":{"line":133,"type":"if","locations":[{"start":{"line":133,"column":8},"end":{"line":133,"column":8}},{"start":{"line":133,"column":8},"end":{"line":133,"column":8}}]},"7":{"line":139,"type":"if","locations":[{"start":{"line":139,"column":12},"end":{"line":139,"column":12}},{"start":{"line":139,"column":12},"end":{"line":139,"column":12}}]},"8":{"line":161,"type":"if","locations":[{"start":{"line":161,"column":15},"end":{"line":161,"column":15}},{"start":{"line":161,"column":15},"end":{"line":161,"column":15}}]},"9":{"line":161,"type":"if","locations":[{"start":{"line":161,"column":39},"end":{"line":161,"column":39}},{"start":{"line":161,"column":39},"end":{"line":161,"column":39}}]},"10":{"line":163,"type":"if","locations":[{"start":{"line":163,"column":8},"end":{"line":163,"column":8}},{"start":{"line":163,"column":8},"end":{"line":163,"column":8}}]},"11":{"line":165,"type":"if","locations":[{"start":{"line":165,"column":8},"end":{"line":165,"column":8}},{"start":{"line":165,"column":8},"end":{"line":165,"column":8}}]},"12":{"line":168,"type":"if","locations":[{"start":{"line":168,"column":8},"end":{"line":168,"column":8}},{"start":{"line":168,"column":8},"end":{"line":168,"column":8}}]},"13":{"line":194,"type":"if","locations":[{"start":{"line":194,"column":15},"end":{"line":194,"column":15}},{"start":{"line":194,"column":15},"end":{"line":194,"column":15}}]},"14":{"line":194,"type":"if","locations":[{"start":{"line":194,"column":39},"end":{"line":194,"column":39}},{"start":{"line":194,"column":39},"end":{"line":194,"column":39}}]},"15":{"line":195,"type":"if","locations":[{"start":{"line":195,"column":8},"end":{"line":195,"column":8}},{"start":{"line":195,"column":8},"end":{"line":195,"column":8}}]},"16":{"line":202,"type":"if","locations":[{"start":{"line":202,"column":12},"end":{"line":202,"column":12}},{"start":{"line":202,"column":12},"end":{"line":202,"column":12}}]},"17":{"line":204,"type":"if","locations":[{"start":{"line":204,"column":16},"end":{"line":204,"column":16}},{"start":{"line":204,"column":16},"end":{"line":204,"column":16}}]},"18":{"line":248,"type":"if","locations":[{"start":{"line":248,"column":61},"end":{"line":248,"column":61}},{"start":{"line":248,"column":61},"end":{"line":248,"column":61}}]},"19":{"line":252,"type":"if","locations":[{"start":{"line":252,"column":61},"end":{"line":252,"column":61}},{"start":{"line":252,"column":61},"end":{"line":252,"column":61}}]},"20":{"line":256,"type":"if","locations":[{"start":{"line":256,"column":61},"end":{"line":256,"column":61}},{"start":{"line":256,"column":61},"end":{"line":256,"column":61}}]},"21":{"line":260,"type":"if","locations":[{"start":{"line":260,"column":30},"end":{"line":260,"column":30}},{"start":{"line":260,"column":30},"end":{"line":260,"column":30}}]},"22":{"line":264,"type":"if","locations":[{"start":{"line":264,"column":32},"end":{"line":264,"column":32}},{"start":{"line":264,"column":32},"end":{"line":264,"column":32}}]},"23":{"line":283,"type":"if","locations":[{"start":{"line":283,"column":8},"end":{"line":283,"column":8}},{"start":{"line":283,"column":8},"end":{"line":283,"column":8}}]},"24":{"line":284,"type":"if","locations":[{"start":{"line":284,"column":12},"end":{"line":284,"column":12}},{"start":{"line":284,"column":12},"end":{"line":284,"column":12}}]},"25":{"line":288,"type":"if","locations":[{"start":{"line":288,"column":12},"end":{"line":288,"column":12}},{"start":{"line":288,"column":12},"end":{"line":288,"column":12}}]},"26":{"line":292,"type":"if","locations":[{"start":{"line":292,"column":8},"end":{"line":292,"column":8}},{"start":{"line":292,"column":8},"end":{"line":292,"column":8}}]},"27":{"line":294,"type":"if","locations":[{"start":{"line":294,"column":12},"end":{"line":294,"column":12}},{"start":{"line":294,"column":12},"end":{"line":294,"column":12}}]},"28":{"line":303,"type":"if","locations":[{"start":{"line":303,"column":76},"end":{"line":303,"column":76}},{"start":{"line":303,"column":76},"end":{"line":303,"column":76}}]}}},"contracts\\BTNToken.sol":{"l":{"28":11,"29":9,"33":9,"34":7,"39":471,"40":471,"43":471,"44":471,"51":1,"58":5,"65":9,"66":8,"68":7,"69":7,"76":2,"78":1,"79":1,"86":2,"88":1,"89":1,"96":7,"97":7,"104":7,"105":6,"107":4,"108":4,"110":4,"117":14,"118":12,"120":12,"127":1,"128":1,"129":1,"136":2,"137":2,"138":2,"139":1,"140":1,"142":1},"path":"C:\\Users\\aashu\\OneDrive\\Desktop\\Projects\\bitton-contracts\\contracts\\BTNToken.sol","s":{"1":11,"2":9,"3":471,"4":471,"5":1,"6":5,"7":9,"8":8,"9":7,"10":2,"11":1,"12":2,"13":1,"14":7,"15":7,"16":6,"17":4,"18":4,"19":14,"20":12,"21":1,"22":1,"23":1,"24":2,"25":2,"26":2,"27":1,"28":1},"b":{"1":[9,2],"2":[9,0],"3":[7,2],"4":[9,2],"5":[8,1],"6":[7,1],"7":[2,1],"8":[1,1],"9":[1,1],"10":[7,1],"11":[9,2],"12":[7,2],"13":[6,1],"14":[4,2],"15":[1,1]},"f":{"1":11,"2":9,"3":471,"4":1,"5":5,"6":9,"7":2,"8":2,"9":7,"10":7,"11":14,"12":1,"13":2},"fnMap":{"1":{"name":"onlyMinter","line":27,"loc":{"start":{"line":27,"column":4},"end":{"line":30,"column":4}}},"2":{"name":"whenMintingActive","line":32,"loc":{"start":{"line":32,"column":4},"end":{"line":35,"column":4}}},"3":{"name":"constructor","line":37,"loc":{"start":{"line":37,"column":4},"end":{"line":45,"column":4}}},"4":{"name":"decimals","line":50,"loc":{"start":{"line":50,"column":4},"end":{"line":52,"column":4}}},"5":{"name":"isMinter","line":57,"loc":{"start":{"line":57,"column":4},"end":{"line":59,"column":4}}},"6":{"name":"addMinter","line":64,"loc":{"start":{"line":64,"column":4},"end":{"line":70,"column":4}}},"7":{"name":"removeMinter","line":75,"loc":{"start":{"line":75,"column":4},"end":{"line":80,"column":4}}},"8":{"name":"renounceMinting","line":85,"loc":{"start":{"line":85,"column":4},"end":{"line":90,"column":4}}},"9":{"name":"setMintingActive","line":95,"loc":{"start":{"line":95,"column":4},"end":{"line":98,"column":4}}},"10":{"name":"mint","line":103,"loc":{"start":{"line":103,"column":4},"end":{"line":111,"column":4}}},"11":{"name":"burn","line":116,"loc":{"start":{"line":116,"column":4},"end":{"line":121,"column":4}}},"12":{"name":"increaseAllowance","line":126,"loc":{"start":{"line":126,"column":4},"end":{"line":130,"column":4}}},"13":{"name":"decreaseAllowance","line":135,"loc":{"start":{"line":135,"column":4},"end":{"line":143,"column":4}}}},"statementMap":{"1":{"start":{"line":28,"column":8},"end":{"line":28,"column":97}},"2":{"start":{"line":33,"column":8},"end":{"line":33,"column":64}},"3":{"start":{"line":39,"column":8},"end":{"line":39,"column":36}},"4":{"start":{"line":44,"column":8},"end":{"line":44,"column":36}},"5":{"start":{"line":51,"column":8},"end":{"line":51,"column":16}},"6":{"start":{"line":58,"column":8},"end":{"line":58,"column":32}},"7":{"start":{"line":65,"column":8},"end":{"line":65,"column":62}},"8":{"start":{"line":66,"column":8},"end":{"line":66,"column":63}},"9":{"start":{"line":69,"column":8},"end":{"line":69,"column":32}},"10":{"start":{"line":76,"column":8},"end":{"line":76,"column":58}},"11":{"start":{"line":79,"column":8},"end":{"line":79,"column":34}},"12":{"start":{"line":86,"column":8},"end":{"line":86,"column":72}},"13":{"start":{"line":89,"column":8},"end":{"line":89,"column":38}},"14":{"start":{"line":97,"column":8},"end":{"line":97,"column":41}},"15":{"start":{"line":104,"column":8},"end":{"line":104,"column":66}},"16":{"start":{"line":105,"column":8},"end":{"line":105,"column":84}},"17":{"start":{"line":107,"column":8},"end":{"line":107,"column":24}},"18":{"start":{"line":110,"column":8},"end":{"line":110,"column":37}},"19":{"start":{"line":117,"column":8},"end":{"line":117,"column":32}},"20":{"start":{"line":120,"column":8},"end":{"line":120,"column":45}},"21":{"start":{"line":127,"column":8},"end":{"line":127,"column":36}},"22":{"start":{"line":128,"column":8},"end":{"line":128,"column":71}},"23":{"start":{"line":129,"column":8},"end":{"line":129,"column":19}},"24":{"start":{"line":136,"column":8},"end":{"line":136,"column":36}},"25":{"start":{"line":137,"column":8},"end":{"line":137,"column":60}},"26":{"start":{"line":138,"column":8},"end":{"line":138,"column":95}},"27":{"start":{"line":140,"column":12},"end":{"line":140,"column":71}},"28":{"start":{"line":142,"column":8},"end":{"line":142,"column":19}}},"branchMap":{"1":{"line":28,"type":"if","locations":[{"start":{"line":28,"column":8},"end":{"line":28,"column":8}},{"start":{"line":28,"column":8},"end":{"line":28,"column":8}}]},"2":{"line":28,"type":"cond-expr","locations":[{"start":{"line":28,"column":16},"end":{"line":28,"column":35}},{"start":{"line":28,"column":40},"end":{"line":28,"column":60}}]},"3":{"line":33,"type":"if","locations":[{"start":{"line":33,"column":8},"end":{"line":33,"column":8}},{"start":{"line":33,"column":8},"end":{"line":33,"column":8}}]},"4":{"line":64,"type":"if","locations":[{"start":{"line":64,"column":48},"end":{"line":64,"column":48}},{"start":{"line":64,"column":48},"end":{"line":64,"column":48}}]},"5":{"line":65,"type":"if","locations":[{"start":{"line":65,"column":8},"end":{"line":65,"column":8}},{"start":{"line":65,"column":8},"end":{"line":65,"column":8}}]},"6":{"line":66,"type":"if","locations":[{"start":{"line":66,"column":8},"end":{"line":66,"column":8}},{"start":{"line":66,"column":8},"end":{"line":66,"column":8}}]},"7":{"line":75,"type":"if","locations":[{"start":{"line":75,"column":51},"end":{"line":75,"column":51}},{"start":{"line":75,"column":51},"end":{"line":75,"column":51}}]},"8":{"line":76,"type":"if","locations":[{"start":{"line":76,"column":8},"end":{"line":76,"column":8}},{"start":{"line":76,"column":8},"end":{"line":76,"column":8}}]},"9":{"line":86,"type":"if","locations":[{"start":{"line":86,"column":8},"end":{"line":86,"column":8}},{"start":{"line":86,"column":8},"end":{"line":86,"column":8}}]},"10":{"line":95,"type":"if","locations":[{"start":{"line":95,"column":52},"end":{"line":95,"column":52}},{"start":{"line":95,"column":52},"end":{"line":95,"column":52}}]},"11":{"line":103,"type":"if","locations":[{"start":{"line":103,"column":55},"end":{"line":103,"column":55}},{"start":{"line":103,"column":55},"end":{"line":103,"column":55}}]},"12":{"line":103,"type":"if","locations":[{"start":{"line":103,"column":66},"end":{"line":103,"column":66}},{"start":{"line":103,"column":66},"end":{"line":103,"column":66}}]},"13":{"line":104,"type":"if","locations":[{"start":{"line":104,"column":8},"end":{"line":104,"column":8}},{"start":{"line":104,"column":8},"end":{"line":104,"column":8}}]},"14":{"line":105,"type":"if","locations":[{"start":{"line":105,"column":8},"end":{"line":105,"column":8}},{"start":{"line":105,"column":8},"end":{"line":105,"column":8}}]},"15":{"line":138,"type":"if","locations":[{"start":{"line":138,"column":8},"end":{"line":138,"column":8}},{"start":{"line":138,"column":8},"end":{"line":138,"column":8}}]}}},"contracts\\CustodialDistribution.sol":{"l":{"45":25,"46":25,"53":59,"54":58,"56":57,"57":57,"59":57,"60":57,"61":57,"73":30,"74":28,"75":26,"77":24,"78":24,"80":22,"81":22,"83":22,"91":6,"92":5,"93":4,"95":3,"96":3,"98":3,"99":3,"101":3,"110":10,"112":8,"113":8,"115":8,"127":24,"128":22,"129":2,"130":20,"131":3,"133":17,"135":17,"136":422,"137":420,"138":418,"141":13,"142":13,"143":1,"145":12,"146":417,"148":3,"151":414,"152":414,"153":414,"154":414,"156":414,"165":7,"166":7,"171":3,"180":12,"185":4,"190":3,"199":13,"204":1,"215":7,"216":7,"217":7,"222":18,"223":18,"226":18,"235":30,"236":3},"path":"C:\\Users\\aashu\\OneDrive\\Desktop\\Projects\\bitton-contracts\\contracts\\CustodialDistribution.sol","s":{"1":25,"2":59,"3":58,"4":57,"5":57,"6":57,"7":30,"8":28,"9":26,"10":24,"11":24,"12":22,"13":22,"14":6,"15":5,"16":4,"17":3,"18":3,"19":3,"20":3,"21":10,"22":8,"23":8,"24":24,"25":22,"26":20,"27":17,"28":17,"29":422,"30":420,"31":13,"32":13,"33":12,"34":417,"35":414,"36":414,"37":7,"38":3,"39":12,"40":4,"41":3,"42":13,"43":1,"44":7,"45":7,"46":18,"47":18,"48":30},"b":{"1":[0,25],"2":[1,58],"3":[1,57],"4":[34,2],"5":[34,0],"6":[30,4],"7":[2,28],"8":[2,26],"9":[2,22],"10":[8,2],"11":[8,0],"12":[6,2],"13":[1,5],"14":[1,4],"15":[0,3],"16":[10,0],"17":[2,8],"18":[26,2],"19":[26,0],"20":[24,2],"21":[2,22],"22":[2,20],"23":[3,17],"24":[2,420],"25":[2,418],"26":[1,12],"27":[3,414],"28":[7,2],"29":[13,2],"30":[1,5],"31":[7,6],"32":[7,0],"33":[18,4],"34":[18,0],"35":[3,27]},"f":{"1":25,"2":59,"3":30,"4":6,"5":10,"6":24,"7":7,"8":3,"9":12,"10":4,"11":3,"12":13,"13":1,"14":7,"15":18,"16":30},"fnMap":{"1":{"name":"notFinalized","line":44,"loc":{"start":{"line":44,"column":4},"end":{"line":47,"column":4}}},"2":{"name":"constructor","line":52,"loc":{"start":{"line":52,"column":4},"end":{"line":62,"column":4}}},"3":{"name":"distribute","line":72,"loc":{"start":{"line":69,"column":4},"end":{"line":84,"column":4}}},"4":{"name":"fundContract","line":90,"loc":{"start":{"line":87,"column":4},"end":{"line":102,"column":4}}},"5":{"name":"returnTokens","line":109,"loc":{"start":{"line":109,"column":4},"end":{"line":116,"column":4}}},"6":{"name":"batchMigrate","line":126,"loc":{"start":{"line":123,"column":4},"end":{"line":158,"column":4}}},"7":{"name":"disableMigration","line":163,"loc":{"start":{"line":161,"column":4},"end":{"line":167,"column":4}}},"8":{"name":"hasMigrated","line":170,"loc":{"start":{"line":170,"column":4},"end":{"line":172,"column":4}}},"9":{"name":"getBalance","line":179,"loc":{"start":{"line":179,"column":4},"end":{"line":181,"column":4}}},"10":{"name":"isMigrationEnabled","line":184,"loc":{"start":{"line":184,"column":4},"end":{"line":186,"column":4}}},"11":{"name":"isFinalized","line":189,"loc":{"start":{"line":189,"column":4},"end":{"line":191,"column":4}}},"12":{"name":"pause","line":198,"loc":{"start":{"line":198,"column":4},"end":{"line":200,"column":4}}},"13":{"name":"unpause","line":203,"loc":{"start":{"line":203,"column":4},"end":{"line":205,"column":4}}},"14":{"name":"setDistributionCap","line":214,"loc":{"start":{"line":212,"column":4},"end":{"line":218,"column":4}}},"15":{"name":"finalize","line":221,"loc":{"start":{"line":221,"column":4},"end":{"line":227,"column":4}}},"16":{"name":"_enforceDistributionCap","line":234,"loc":{"start":{"line":234,"column":4},"end":{"line":238,"column":4}}}},"statementMap":{"1":{"start":{"line":45,"column":8},"end":{"line":45,"column":48}},"2":{"start":{"line":53,"column":8},"end":{"line":53,"column":57}},"3":{"start":{"line":54,"column":8},"end":{"line":54,"column":54}},"4":{"start":{"line":59,"column":8},"end":{"line":59,"column":45}},"5":{"start":{"line":60,"column":8},"end":{"line":60,"column":40}},"6":{"start":{"line":61,"column":8},"end":{"line":61,"column":41}},"7":{"start":{"line":73,"column":8},"end":{"line":73,"column":50}},"8":{"start":{"line":74,"column":8},"end":{"line":74,"column":44}},"9":{"start":{"line":75,"column":8},"end":{"line":75,"column":38}},"10":{"start":{"line":77,"column":8},"end":{"line":77,"column":59}},"11":{"start":{"line":78,"column":8},"end":{"line":78,"column":73}},"12":{"start":{"line":81,"column":8},"end":{"line":81,"column":40}},"13":{"start":{"line":83,"column":8},"end":{"line":83,"column":54}},"14":{"start":{"line":91,"column":8},"end":{"line":91,"column":54}},"15":{"start":{"line":92,"column":8},"end":{"line":92,"column":44}},"16":{"start":{"line":93,"column":8},"end":{"line":93,"column":38}},"17":{"start":{"line":95,"column":8},"end":{"line":95,"column":59}},"18":{"start":{"line":96,"column":8},"end":{"line":96,"column":73}},"19":{"start":{"line":99,"column":8},"end":{"line":99,"column":44}},"20":{"start":{"line":101,"column":8},"end":{"line":101,"column":55}},"21":{"start":{"line":110,"column":8},"end":{"line":110,"column":44}},"22":{"start":{"line":113,"column":8},"end":{"line":113,"column":67}},"23":{"start":{"line":115,"column":8},"end":{"line":115,"column":47}},"24":{"start":{"line":127,"column":8},"end":{"line":127,"column":59}},"25":{"start":{"line":128,"column":8},"end":{"line":128,"column":4840}},"26":{"start":{"line":130,"column":8},"end":{"line":130,"column":4960}},"27":{"start":{"line":133,"column":8},"end":{"line":133,"column":31}},"28":{"start":{"line":135,"column":8},"end":{"line":135,"column":5110}},"29":{"start":{"line":136,"column":12},"end":{"line":136,"column":65}},"30":{"start":{"line":137,"column":12},"end":{"line":137,"column":52}},"31":{"start":{"line":141,"column":8},"end":{"line":141,"column":59}},"32":{"start":{"line":142,"column":8},"end":{"line":142,"column":5456}},"33":{"start":{"line":145,"column":8},"end":{"line":145,"column":5505}},"34":{"start":{"line":146,"column":12},"end":{"line":146,"column":5572}},"35":{"start":{"line":154,"column":12},"end":{"line":154,"column":59}},"36":{"start":{"line":156,"column":12},"end":{"line":156,"column":60}},"37":{"start":{"line":166,"column":8},"end":{"line":166,"column":32}},"38":{"start":{"line":171,"column":8},"end":{"line":171,"column":37}},"39":{"start":{"line":180,"column":8},"end":{"line":180,"column":48}},"40":{"start":{"line":185,"column":8},"end":{"line":185,"column":31}},"41":{"start":{"line":190,"column":8},"end":{"line":190,"column":24}},"42":{"start":{"line":199,"column":8},"end":{"line":199,"column":15}},"43":{"start":{"line":204,"column":8},"end":{"line":204,"column":17}},"44":{"start":{"line":215,"column":8},"end":{"line":215,"column":40}},"45":{"start":{"line":217,"column":8},"end":{"line":217,"column":48}},"46":{"start":{"line":223,"column":8},"end":{"line":223,"column":42}},"47":{"start":{"line":226,"column":8},"end":{"line":226,"column":50}},"48":{"start":{"line":235,"column":8},"end":{"line":235,"column":8742}}},"branchMap":{"1":{"line":45,"type":"if","locations":[{"start":{"line":45,"column":8},"end":{"line":45,"column":8}},{"start":{"line":45,"column":8},"end":{"line":45,"column":8}}]},"2":{"line":53,"type":"if","locations":[{"start":{"line":53,"column":8},"end":{"line":53,"column":8}},{"start":{"line":53,"column":8},"end":{"line":53,"column":8}}]},"3":{"line":54,"type":"if","locations":[{"start":{"line":54,"column":8},"end":{"line":54,"column":8}},{"start":{"line":54,"column":8},"end":{"line":54,"column":8}}]},"4":{"line":72,"type":"if","locations":[{"start":{"line":72,"column":15},"end":{"line":72,"column":15}},{"start":{"line":72,"column":15},"end":{"line":72,"column":15}}]},"5":{"line":72,"type":"if","locations":[{"start":{"line":72,"column":39},"end":{"line":72,"column":39}},{"start":{"line":72,"column":39},"end":{"line":72,"column":39}}]},"6":{"line":72,"type":"if","locations":[{"start":{"line":72,"column":52},"end":{"line":72,"column":52}},{"start":{"line":72,"column":52},"end":{"line":72,"column":52}}]},"7":{"line":73,"type":"if","locations":[{"start":{"line":73,"column":8},"end":{"line":73,"column":8}},{"start":{"line":73,"column":8},"end":{"line":73,"column":8}}]},"8":{"line":74,"type":"if","locations":[{"start":{"line":74,"column":8},"end":{"line":74,"column":8}},{"start":{"line":74,"column":8},"end":{"line":74,"column":8}}]},"9":{"line":78,"type":"if","locations":[{"start":{"line":78,"column":8},"end":{"line":78,"column":8}},{"start":{"line":78,"column":8},"end":{"line":78,"column":8}}]},"10":{"line":90,"type":"if","locations":[{"start":{"line":90,"column":15},"end":{"line":90,"column":15}},{"start":{"line":90,"column":15},"end":{"line":90,"column":15}}]},"11":{"line":90,"type":"if","locations":[{"start":{"line":90,"column":39},"end":{"line":90,"column":39}},{"start":{"line":90,"column":39},"end":{"line":90,"column":39}}]},"12":{"line":90,"type":"if","locations":[{"start":{"line":90,"column":52},"end":{"line":90,"column":52}},{"start":{"line":90,"column":52},"end":{"line":90,"column":52}}]},"13":{"line":91,"type":"if","locations":[{"start":{"line":91,"column":8},"end":{"line":91,"column":8}},{"start":{"line":91,"column":8},"end":{"line":91,"column":8}}]},"14":{"line":92,"type":"if","locations":[{"start":{"line":92,"column":8},"end":{"line":92,"column":8}},{"start":{"line":92,"column":8},"end":{"line":92,"column":8}}]},"15":{"line":96,"type":"if","locations":[{"start":{"line":96,"column":8},"end":{"line":96,"column":8}},{"start":{"line":96,"column":8},"end":{"line":96,"column":8}}]},"16":{"line":109,"type":"if","locations":[{"start":{"line":109,"column":51},"end":{"line":109,"column":51}},{"start":{"line":109,"column":51},"end":{"line":109,"column":51}}]},"17":{"line":110,"type":"if","locations":[{"start":{"line":110,"column":8},"end":{"line":110,"column":8}},{"start":{"line":110,"column":8},"end":{"line":110,"column":8}}]},"18":{"line":126,"type":"if","locations":[{"start":{"line":126,"column":15},"end":{"line":126,"column":15}},{"start":{"line":126,"column":15},"end":{"line":126,"column":15}}]},"19":{"line":126,"type":"if","locations":[{"start":{"line":126,"column":39},"end":{"line":126,"column":39}},{"start":{"line":126,"column":39},"end":{"line":126,"column":39}}]},"20":{"line":126,"type":"if","locations":[{"start":{"line":126,"column":52},"end":{"line":126,"column":52}},{"start":{"line":126,"column":52},"end":{"line":126,"column":52}}]},"21":{"line":127,"type":"if","locations":[{"start":{"line":127,"column":8},"end":{"line":127,"column":8}},{"start":{"line":127,"column":8},"end":{"line":127,"column":8}}]},"22":{"line":128,"type":"if","locations":[{"start":{"line":128,"column":8},"end":{"line":128,"column":8}},{"start":{"line":128,"column":8},"end":{"line":128,"column":8}}]},"23":{"line":130,"type":"if","locations":[{"start":{"line":130,"column":8},"end":{"line":130,"column":8}},{"start":{"line":130,"column":8},"end":{"line":130,"column":8}}]},"24":{"line":136,"type":"if","locations":[{"start":{"line":136,"column":12},"end":{"line":136,"column":12}},{"start":{"line":136,"column":12},"end":{"line":136,"column":12}}]},"25":{"line":137,"type":"if","locations":[{"start":{"line":137,"column":12},"end":{"line":137,"column":12}},{"start":{"line":137,"column":12},"end":{"line":137,"column":12}}]},"26":{"line":142,"type":"if","locations":[{"start":{"line":142,"column":8},"end":{"line":142,"column":8}},{"start":{"line":142,"column":8},"end":{"line":142,"column":8}}]},"27":{"line":146,"type":"if","locations":[{"start":{"line":146,"column":12},"end":{"line":146,"column":12}},{"start":{"line":146,"column":12},"end":{"line":146,"column":12}}]},"28":{"line":163,"type":"if","locations":[{"start":{"line":163,"column":8},"end":{"line":163,"column":8}},{"start":{"line":163,"column":8},"end":{"line":163,"column":8}}]},"29":{"line":198,"type":"if","locations":[{"start":{"line":198,"column":30},"end":{"line":198,"column":30}},{"start":{"line":198,"column":30},"end":{"line":198,"column":30}}]},"30":{"line":203,"type":"if","locations":[{"start":{"line":203,"column":32},"end":{"line":203,"column":32}},{"start":{"line":203,"column":32},"end":{"line":203,"column":32}}]},"31":{"line":214,"type":"if","locations":[{"start":{"line":214,"column":15},"end":{"line":214,"column":15}},{"start":{"line":214,"column":15},"end":{"line":214,"column":15}}]},"32":{"line":214,"type":"if","locations":[{"start":{"line":214,"column":44},"end":{"line":214,"column":44}},{"start":{"line":214,"column":44},"end":{"line":214,"column":44}}]},"33":{"line":221,"type":"if","locations":[{"start":{"line":221,"column":33},"end":{"line":221,"column":33}},{"start":{"line":221,"column":33},"end":{"line":221,"column":33}}]},"34":{"line":221,"type":"if","locations":[{"start":{"line":221,"column":62},"end":{"line":221,"column":62}},{"start":{"line":221,"column":62},"end":{"line":221,"column":62}}]},"35":{"line":235,"type":"if","locations":[{"start":{"line":235,"column":8},"end":{"line":235,"column":8}},{"start":{"line":235,"column":8},"end":{"line":235,"column":8}}]}}},"contracts\\interfaces\\IAggregatorV3.sol":{"l":{},"path":"C:\\Users\\aashu\\OneDrive\\Desktop\\Projects\\bitton-contracts\\contracts\\interfaces\\IAggregatorV3.sol","s":{},"b":{},"f":{},"fnMap":{},"statementMap":{},"branchMap":{}},"contracts\\interfaces\\IBonusEngine.sol":{"l":{},"path":"C:\\Users\\aashu\\OneDrive\\Desktop\\Projects\\bitton-contracts\\contracts\\interfaces\\IBonusEngine.sol","s":{},"b":{},"f":{},"fnMap":{},"statementMap":{},"branchMap":{}},"contracts\\interfaces\\ICustodialDistribution.sol":{"l":{},"path":"C:\\Users\\aashu\\OneDrive\\Desktop\\Projects\\bitton-contracts\\contracts\\interfaces\\ICustodialDistribution.sol","s":{},"b":{},"f":{},"fnMap":{},"statementMap":{},"branchMap":{}},"contracts\\interfaces\\IRewardEngine.sol":{"l":{},"path":"C:\\Users\\aashu\\OneDrive\\Desktop\\Projects\\bitton-contracts\\contracts\\interfaces\\IRewardEngine.sol","s":{},"b":{},"f":{},"fnMap":{},"statementMap":{},"branchMap":{}},"contracts\\interfaces\\IStakingVault.sol":{"l":{},"path":"C:\\Users\\aashu\\OneDrive\\Desktop\\Projects\\bitton-contracts\\contracts\\interfaces\\IStakingVault.sol","s":{},"b":{},"f":{},"fnMap":{},"statementMap":{},"branchMap":{}},"contracts\\interfaces\\IVaultManager.sol":{"l":{},"path":"C:\\Users\\aashu\\OneDrive\\Desktop\\Projects\\bitton-contracts\\contracts\\interfaces\\IVaultManager.sol","s":{},"b":{},"f":{},"fnMap":{},"statementMap":{},"branchMap":{}},"contracts\\interfaces\\IVestingPool.sol":{"l":{},"path":"C:\\Users\\aashu\\OneDrive\\Desktop\\Projects\\bitton-contracts\\contracts\\interfaces\\IVestingPool.sol","s":{},"b":{},"f":{},"fnMap":{},"statementMap":{},"branchMap":{}},"contracts\\interfaces\\IWithdrawalWallet.sol":{"l":{},"path":"C:\\Users\\aashu\\OneDrive\\Desktop\\Projects\\bitton-contracts\\contracts\\interfaces\\IWithdrawalWallet.sol","s":{},"b":{},"f":{},"fnMap":{},"statementMap":{},"branchMap":{}},"contracts\\mocks\\MockAggregator.sol":{"l":{"15":248,"16":248,"17":248,"18":248,"22":12,"36":12,"42":3,"43":3,"44":3,"48":1,"49":1,"50":1,"54":2},"path":"C:\\Users\\aashu\\OneDrive\\Desktop\\Projects\\bitton-contracts\\contracts\\mocks\\MockAggregator.sol","s":{"1":12,"2":12},"b":{},"f":{"1":248,"2":12,"3":12,"4":3,"5":1,"6":2},"fnMap":{"1":{"name":"constructor","line":14,"loc":{"start":{"line":14,"column":4},"end":{"line":19,"column":4}}},"2":{"name":"decimals","line":21,"loc":{"start":{"line":21,"column":4},"end":{"line":23,"column":4}}},"3":{"name":"latestRoundData","line":25,"loc":{"start":{"line":25,"column":4},"end":{"line":37,"column":4}}},"4":{"name":"setPrice","line":41,"loc":{"start":{"line":41,"column":4},"end":{"line":45,"column":4}}},"5":{"name":"setPriceWithTimestamp","line":47,"loc":{"start":{"line":47,"column":4},"end":{"line":51,"column":4}}},"6":{"name":"setUpdatedAt","line":53,"loc":{"start":{"line":53,"column":4},"end":{"line":55,"column":4}}}},"statementMap":{"1":{"start":{"line":22,"column":8},"end":{"line":22,"column":24}},"2":{"start":{"line":36,"column":8},"end":{"line":36,"column":67}}},"branchMap":{}},"contracts\\mocks\\MockBonusEngine.sol":{"l":{"20":1,"21":1,"25":2},"path":"C:\\Users\\aashu\\OneDrive\\Desktop\\Projects\\bitton-contracts\\contracts\\mocks\\MockBonusEngine.sol","s":{"1":1,"2":1,"3":2},"b":{},"f":{"1":1,"2":2},"fnMap":{"1":{"name":"processMatchingBonus","line":19,"loc":{"start":{"line":19,"column":4},"end":{"line":22,"column":4}}},"2":{"name":"getBonusCallCount","line":24,"loc":{"start":{"line":24,"column":4},"end":{"line":26,"column":4}}}},"statementMap":{"1":{"start":{"line":20,"column":8},"end":{"line":20,"column":53}},"2":{"start":{"line":21,"column":8},"end":{"line":21,"column":55}},"3":{"start":{"line":25,"column":8},"end":{"line":25,"column":32}}},"branchMap":{}},"contracts\\mocks\\MockRewardEngineForBonus.sol":{"l":{"15":61,"19":61,"23":34,"24":34},"path":"C:\\Users\\aashu\\OneDrive\\Desktop\\Projects\\bitton-contracts\\contracts\\mocks\\MockRewardEngineForBonus.sol","s":{"1":34},"b":{"1":[34,0]},"f":{"1":61,"2":61,"3":34},"fnMap":{"1":{"name":"constructor","line":14,"loc":{"start":{"line":14,"column":4},"end":{"line":16,"column":4}}},"2":{"name":"grantOperator","line":18,"loc":{"start":{"line":18,"column":4},"end":{"line":20,"column":4}}},"3":{"name":"addPendingReward","line":22,"loc":{"start":{"line":22,"column":4},"end":{"line":25,"column":4}}}},"statementMap":{"1":{"start":{"line":23,"column":8},"end":{"line":23,"column":61}}},"branchMap":{"1":{"line":23,"type":"if","locations":[{"start":{"line":23,"column":8},"end":{"line":23,"column":8}},{"start":{"line":23,"column":8},"end":{"line":23,"column":8}}]}}},"contracts\\mocks\\MockStakingVaultForBonus.sol":{"l":{"13":39,"17":35},"path":"C:\\Users\\aashu\\OneDrive\\Desktop\\Projects\\bitton-contracts\\contracts\\mocks\\MockStakingVaultForBonus.sol","s":{"1":35},"b":{},"f":{"1":39,"2":35},"fnMap":{"1":{"name":"setUserTotalStaked","line":12,"loc":{"start":{"line":12,"column":4},"end":{"line":14,"column":4}}},"2":{"name":"getUserTotalStaked","line":16,"loc":{"start":{"line":16,"column":4},"end":{"line":18,"column":4}}}},"statementMap":{"1":{"start":{"line":17,"column":8},"end":{"line":17,"column":32}}},"branchMap":{}},"contracts\\mocks\\MockUSDT.sol":{"l":{"12":325,"16":0,"20":154},"path":"C:\\Users\\aashu\\OneDrive\\Desktop\\Projects\\bitton-contracts\\contracts\\mocks\\MockUSDT.sol","s":{"1":325,"2":0,"3":154},"b":{},"f":{"1":325,"2":0,"3":154},"fnMap":{"1":{"name":"constructor","line":11,"loc":{"start":{"line":11,"column":4},"end":{"line":13,"column":4}}},"2":{"name":"decimals","line":15,"loc":{"start":{"line":15,"column":4},"end":{"line":17,"column":4}}},"3":{"name":"mint","line":19,"loc":{"start":{"line":19,"column":4},"end":{"line":21,"column":4}}}},"statementMap":{"1":{"start":{"line":12,"column":8},"end":{"line":12,"column":49}},"2":{"start":{"line":16,"column":8},"end":{"line":16,"column":16}},"3":{"start":{"line":20,"column":8},"end":{"line":20,"column":24}}},"branchMap":{}},"contracts\\mocks\\MockVaultManagerForBonus.sol":{"l":{"14":38,"18":38,"22":52,"26":38},"path":"C:\\Users\\aashu\\OneDrive\\Desktop\\Projects\\bitton-contracts\\contracts\\mocks\\MockVaultManagerForBonus.sol","s":{"1":52,"2":38},"b":{},"f":{"1":38,"2":38,"3":52,"4":38},"fnMap":{"1":{"name":"setVaultActive","line":13,"loc":{"start":{"line":13,"column":4},"end":{"line":15,"column":4}}},"2":{"name":"setUserTier","line":17,"loc":{"start":{"line":17,"column":4},"end":{"line":19,"column":4}}},"3":{"name":"isVaultActive","line":21,"loc":{"start":{"line":21,"column":4},"end":{"line":23,"column":4}}},"4":{"name":"getUserTier","line":25,"loc":{"start":{"line":25,"column":4},"end":{"line":27,"column":4}}}},"statementMap":{"1":{"start":{"line":22,"column":8},"end":{"line":22,"column":32}},"2":{"start":{"line":26,"column":8},"end":{"line":26,"column":29}}},"branchMap":{}},"contracts\\mocks\\MockVestingPool.sol":{"l":{"17":30,"18":30,"19":30},"path":"C:\\Users\\aashu\\OneDrive\\Desktop\\Projects\\bitton-contracts\\contracts\\mocks\\MockVestingPool.sol","s":{"1":30},"b":{},"f":{"1":30},"fnMap":{"1":{"name":"addVesting","line":16,"loc":{"start":{"line":16,"column":4},"end":{"line":20,"column":4}}}},"statementMap":{"1":{"start":{"line":19,"column":8},"end":{"line":19,"column":39}}},"branchMap":{}},"contracts\\mocks\\MockWithdrawalWallet.sol":{"l":{"17":92,"18":92,"19":92},"path":"C:\\Users\\aashu\\OneDrive\\Desktop\\Projects\\bitton-contracts\\contracts\\mocks\\MockWithdrawalWallet.sol","s":{"1":92},"b":{},"f":{"1":92},"fnMap":{"1":{"name":"addWithdrawable","line":16,"loc":{"start":{"line":16,"column":4},"end":{"line":20,"column":4}}}},"statementMap":{"1":{"start":{"line":19,"column":8},"end":{"line":19,"column":44}}},"branchMap":{}},"contracts\\mocks\\ReentrancyAttacker.sol":{"l":{"26":0,"27":0,"28":0,"29":0,"34":0,"39":0,"44":0,"45":0,"49":0,"50":0,"51":0,"53":0,"59":0,"60":0,"62":0},"path":"C:\\Users\\aashu\\OneDrive\\Desktop\\Projects\\bitton-contracts\\contracts\\mocks\\ReentrancyAttacker.sol","s":{"1":0,"2":0,"3":0,"4":0,"5":0,"6":0,"7":0},"b":{"1":[0,0],"2":[0,0]},"f":{"1":0,"2":0,"3":0,"4":0,"5":0,"6":0},"fnMap":{"1":{"name":"constructor","line":23,"loc":{"start":{"line":23,"column":4},"end":{"line":23,"column":19}}},"2":{"name":"setTarget","line":25,"loc":{"start":{"line":25,"column":4},"end":{"line":30,"column":4}}},"3":{"name":null,"line":38,"loc":{"start":{"line":38,"column":4},"end":{"line":40,"column":4}}},"4":{"name":"onTokenTransfer","line":43,"loc":{"start":{"line":43,"column":4},"end":{"line":46,"column":4}}},"5":{"name":"_reenter","line":48,"loc":{"start":{"line":48,"column":4},"end":{"line":55,"column":4}}},"6":{"name":"attack","line":58,"loc":{"start":{"line":58,"column":4},"end":{"line":66,"column":4}}}},"statementMap":{"1":{"start":{"line":39,"column":8},"end":{"line":39,"column":17}},"2":{"start":{"line":44,"column":8},"end":{"line":44,"column":17}},"3":{"start":{"line":45,"column":8},"end":{"line":45,"column":19}},"4":{"start":{"line":49,"column":8},"end":{"line":49,"column":1466}},"5":{"start":{"line":51,"column":12},"end":{"line":51,"column":58}},"6":{"start":{"line":59,"column":8},"end":{"line":59,"column":64}},"7":{"start":{"line":60,"column":8},"end":{"line":60,"column":1939}}},"branchMap":{"1":{"line":49,"type":"if","locations":[{"start":{"line":49,"column":8},"end":{"line":49,"column":8}},{"start":{"line":49,"column":8},"end":{"line":49,"column":8}}]},"2":{"line":60,"type":"if","locations":[{"start":{"line":60,"column":8},"end":{"line":60,"column":8}},{"start":{"line":60,"column":8},"end":{"line":60,"column":8}}]}}},"contracts\\RewardEngine.sol":{"l":{"75":1,"94":143,"95":142,"97":141,"98":141,"99":141,"100":141,"102":141,"103":141,"104":141,"106":141,"107":141,"108":141,"109":141,"110":141,"120":2,"121":1,"139":55,"140":2,"144":53,"145":52,"146":51,"149":50,"150":49,"151":3,"155":47,"156":47,"158":47,"161":47,"162":44,"163":44,"165":43,"166":43,"167":43,"168":43,"173":47,"175":47,"178":46,"179":2,"183":44,"184":44,"185":44,"188":44,"189":44,"192":44,"193":44,"195":44,"196":44,"199":44,"200":15,"203":44,"204":44,"215":85,"216":84,"217":84,"218":84,"231":22,"232":21,"233":20,"234":20,"243":3,"245":3,"246":3,"247":3,"248":3,"249":3,"250":3,"251":2,"256":3,"262":1,"263":1,"264":1,"268":1,"269":1,"270":1,"274":1,"275":1,"276":1,"280":74,"281":74,"282":74,"286":1,"287":1,"288":1,"292":3,"296":1},"path":"C:\\Users\\aashu\\OneDrive\\Desktop\\Projects\\bitton-contracts\\contracts\\RewardEngine.sol","s":{"1":1,"2":143,"3":142,"4":141,"5":141,"6":141,"7":141,"8":141,"9":141,"10":141,"11":2,"12":1,"13":55,"14":53,"15":52,"16":51,"17":50,"18":49,"19":47,"20":47,"21":47,"22":47,"23":44,"24":44,"25":43,"26":43,"27":43,"28":47,"29":46,"30":44,"31":44,"32":44,"33":44,"34":44,"35":44,"36":44,"37":15,"38":44,"39":44,"40":85,"41":84,"42":84,"43":22,"44":21,"45":20,"46":3,"47":3,"48":3,"49":3,"50":3,"51":3,"52":3,"53":3,"54":1,"55":1,"56":1,"57":1,"58":1,"59":1,"60":74,"61":74,"62":1,"63":1,"64":3,"65":1},"b":{"1":[143,1],"2":[1,142],"3":[1,141],"4":[1,1],"5":[56,0],"6":[55,1],"7":[2,53],"8":[1,52],"9":[1,51],"10":[1,50],"11":[49,1],"12":[3,46],"13":[1,43],"14":[43,0],"15":[1,46],"16":[2,44],"17":[15,29],"18":[85,0],"19":[1,84],"20":[22,1],"21":[1,21],"22":[1,20],"23":[3,0],"24":[2,1],"25":[1,1],"26":[1,1],"27":[1,1],"28":[74,1],"29":[1,1],"30":[3,1],"31":[1,1],"32":[1,1]},"f":{"1":1,"2":143,"3":2,"4":55,"5":85,"6":22,"7":3,"8":1,"9":1,"10":1,"11":74,"12":1,"13":3,"14":1,"15":1},"fnMap":{"1":{"name":"constructor","line":74,"loc":{"start":{"line":74,"column":4},"end":{"line":76,"column":4}}},"2":{"name":"initialize","line":93,"loc":{"start":{"line":86,"column":4},"end":{"line":111,"column":4}}},"3":{"name":"calculateReward","line":119,"loc":{"start":{"line":119,"column":4},"end":{"line":122,"column":4}}},"4":{"name":"settleWeekly","line":137,"loc":{"start":{"line":137,"column":4},"end":{"line":205,"column":4}}},"5":{"name":"fundRewards","line":214,"loc":{"start":{"line":214,"column":4},"end":{"line":219,"column":4}}},"6":{"name":"addPendingReward","line":230,"loc":{"start":{"line":230,"column":4},"end":{"line":235,"column":4}}},"7":{"name":"getTotalPending","line":242,"loc":{"start":{"line":242,"column":4},"end":{"line":257,"column":4}}},"8":{"name":"setStakingVault","line":261,"loc":{"start":{"line":261,"column":4},"end":{"line":265,"column":4}}},"9":{"name":"setVestingPool","line":267,"loc":{"start":{"line":267,"column":4},"end":{"line":271,"column":4}}},"10":{"name":"setWithdrawalWallet","line":273,"loc":{"start":{"line":273,"column":4},"end":{"line":277,"column":4}}},"11":{"name":"setBonusEngine","line":279,"loc":{"start":{"line":279,"column":4},"end":{"line":283,"column":4}}},"12":{"name":"setVaultManager","line":285,"loc":{"start":{"line":285,"column":4},"end":{"line":289,"column":4}}},"13":{"name":"pause","line":291,"loc":{"start":{"line":291,"column":4},"end":{"line":293,"column":4}}},"14":{"name":"unpause","line":295,"loc":{"start":{"line":295,"column":4},"end":{"line":297,"column":4}}},"15":{"name":"_authorizeUpgrade","line":304,"loc":{"start":{"line":304,"column":4},"end":{"line":304,"column":106}}}},"statementMap":{"1":{"start":{"line":75,"column":8},"end":{"line":75,"column":29}},"2":{"start":{"line":94,"column":8},"end":{"line":94,"column":57}},"3":{"start":{"line":95,"column":8},"end":{"line":95,"column":54}},"4":{"start":{"line":97,"column":8},"end":{"line":97,"column":29}},"5":{"start":{"line":98,"column":8},"end":{"line":98,"column":24}},"6":{"start":{"line":99,"column":8},"end":{"line":99,"column":31}},"7":{"start":{"line":100,"column":8},"end":{"line":100,"column":31}},"8":{"start":{"line":102,"column":8},"end":{"line":102,"column":45}},"9":{"start":{"line":103,"column":8},"end":{"line":103,"column":40}},"10":{"start":{"line":104,"column":8},"end":{"line":104,"column":41}},"11":{"start":{"line":120,"column":8},"end":{"line":120,"column":67}},"12":{"start":{"line":121,"column":8},"end":{"line":121,"column":78}},"13":{"start":{"line":139,"column":8},"end":{"line":139,"column":5871}},"14":{"start":{"line":144,"column":8},"end":{"line":144,"column":67}},"15":{"start":{"line":145,"column":8},"end":{"line":145,"column":65}},"16":{"start":{"line":146,"column":8},"end":{"line":146,"column":75}},"17":{"start":{"line":149,"column":8},"end":{"line":149,"column":6283}},"18":{"start":{"line":150,"column":12},"end":{"line":150,"column":6334}},"19":{"start":{"line":155,"column":8},"end":{"line":155,"column":54}},"20":{"start":{"line":156,"column":8},"end":{"line":156,"column":51}},"21":{"start":{"line":158,"column":8},"end":{"line":158,"column":34}},"22":{"start":{"line":161,"column":8},"end":{"line":161,"column":6701}},"23":{"start":{"line":162,"column":12},"end":{"line":162,"column":67}},"24":{"start":{"line":163,"column":12},"end":{"line":163,"column":35}},"25":{"start":{"line":165,"column":12},"end":{"line":165,"column":58}},"26":{"start":{"line":166,"column":12},"end":{"line":166,"column":6932}},"27":{"start":{"line":168,"column":16},"end":{"line":168,"column":46}},"28":{"start":{"line":175,"column":8},"end":{"line":175,"column":58}},"29":{"start":{"line":178,"column":8},"end":{"line":178,"column":7295}},"30":{"start":{"line":188,"column":8},"end":{"line":188,"column":61}},"31":{"start":{"line":189,"column":8},"end":{"line":189,"column":60}},"32":{"start":{"line":192,"column":8},"end":{"line":192,"column":63}},"33":{"start":{"line":193,"column":8},"end":{"line":193,"column":81}},"34":{"start":{"line":195,"column":8},"end":{"line":195,"column":52}},"35":{"start":{"line":196,"column":8},"end":{"line":196,"column":60}},"36":{"start":{"line":199,"column":8},"end":{"line":199,"column":8208}},"37":{"start":{"line":200,"column":12},"end":{"line":200,"column":79}},"38":{"start":{"line":203,"column":8},"end":{"line":203,"column":48}},"39":{"start":{"line":204,"column":8},"end":{"line":204,"column":58}},"40":{"start":{"line":215,"column":8},"end":{"line":215,"column":44}},"41":{"start":{"line":216,"column":8},"end":{"line":216,"column":67}},"42":{"start":{"line":218,"column":8},"end":{"line":218,"column":46}},"43":{"start":{"line":231,"column":8},"end":{"line":231,"column":52}},"44":{"start":{"line":232,"column":8},"end":{"line":232,"column":44}},"45":{"start":{"line":234,"column":8},"end":{"line":234,"column":40}},"46":{"start":{"line":243,"column":8},"end":{"line":243,"column":43}},"47":{"start":{"line":245,"column":8},"end":{"line":245,"column":10007}},"48":{"start":{"line":246,"column":12},"end":{"line":246,"column":58}},"49":{"start":{"line":247,"column":12},"end":{"line":247,"column":55}},"50":{"start":{"line":248,"column":12},"end":{"line":248,"column":10177}},"51":{"start":{"line":249,"column":16},"end":{"line":249,"column":71}},"52":{"start":{"line":250,"column":16},"end":{"line":250,"column":10315}},"53":{"start":{"line":256,"column":8},"end":{"line":256,"column":20}},"54":{"start":{"line":262,"column":8},"end":{"line":262,"column":34}},"55":{"start":{"line":264,"column":8},"end":{"line":264,"column":52}},"56":{"start":{"line":268,"column":8},"end":{"line":268,"column":33}},"57":{"start":{"line":270,"column":8},"end":{"line":270,"column":50}},"58":{"start":{"line":274,"column":8},"end":{"line":274,"column":38}},"59":{"start":{"line":276,"column":8},"end":{"line":276,"column":60}},"60":{"start":{"line":280,"column":8},"end":{"line":280,"column":33}},"61":{"start":{"line":282,"column":8},"end":{"line":282,"column":50}},"62":{"start":{"line":286,"column":8},"end":{"line":286,"column":34}},"63":{"start":{"line":288,"column":8},"end":{"line":288,"column":52}},"64":{"start":{"line":292,"column":8},"end":{"line":292,"column":15}},"65":{"start":{"line":296,"column":8},"end":{"line":296,"column":17}}},"branchMap":{"1":{"line":93,"type":"if","locations":[{"start":{"line":93,"column":15},"end":{"line":93,"column":15}},{"start":{"line":93,"column":15},"end":{"line":93,"column":15}}]},"2":{"line":94,"type":"if","locations":[{"start":{"line":94,"column":8},"end":{"line":94,"column":8}},{"start":{"line":94,"column":8},"end":{"line":94,"column":8}}]},"3":{"line":95,"type":"if","locations":[{"start":{"line":95,"column":8},"end":{"line":95,"column":8}},{"start":{"line":95,"column":8},"end":{"line":95,"column":8}}]},"4":{"line":120,"type":"if","locations":[{"start":{"line":120,"column":8},"end":{"line":120,"column":8}},{"start":{"line":120,"column":8},"end":{"line":120,"column":8}}]},"5":{"line":137,"type":"if","locations":[{"start":{"line":137,"column":49},"end":{"line":137,"column":49}},{"start":{"line":137,"column":49},"end":{"line":137,"column":49}}]},"6":{"line":137,"type":"if","locations":[{"start":{"line":137,"column":62},"end":{"line":137,"column":62}},{"start":{"line":137,"column":62},"end":{"line":137,"column":62}}]},"7":{"line":139,"type":"if","locations":[{"start":{"line":139,"column":8},"end":{"line":139,"column":8}},{"start":{"line":139,"column":8},"end":{"line":139,"column":8}}]},"8":{"line":144,"type":"if","locations":[{"start":{"line":144,"column":8},"end":{"line":144,"column":8}},{"start":{"line":144,"column":8},"end":{"line":144,"column":8}}]},"9":{"line":145,"type":"if","locations":[{"start":{"line":145,"column":8},"end":{"line":145,"column":8}},{"start":{"line":145,"column":8},"end":{"line":145,"column":8}}]},"10":{"line":146,"type":"if","locations":[{"start":{"line":146,"column":8},"end":{"line":146,"column":8}},{"start":{"line":146,"column":8},"end":{"line":146,"column":8}}]},"11":{"line":149,"type":"if","locations":[{"start":{"line":149,"column":8},"end":{"line":149,"column":8}},{"start":{"line":149,"column":8},"end":{"line":149,"column":8}}]},"12":{"line":150,"type":"if","locations":[{"start":{"line":150,"column":12},"end":{"line":150,"column":12}},{"start":{"line":150,"column":12},"end":{"line":150,"column":12}}]},"13":{"line":163,"type":"if","locations":[{"start":{"line":163,"column":12},"end":{"line":163,"column":12}},{"start":{"line":163,"column":12},"end":{"line":163,"column":12}}]},"14":{"line":166,"type":"if","locations":[{"start":{"line":166,"column":12},"end":{"line":166,"column":12}},{"start":{"line":166,"column":12},"end":{"line":166,"column":12}}]},"15":{"line":175,"type":"if","locations":[{"start":{"line":175,"column":8},"end":{"line":175,"column":8}},{"start":{"line":175,"column":8},"end":{"line":175,"column":8}}]},"16":{"line":178,"type":"if","locations":[{"start":{"line":178,"column":8},"end":{"line":178,"column":8}},{"start":{"line":178,"column":8},"end":{"line":178,"column":8}}]},"17":{"line":199,"type":"if","locations":[{"start":{"line":199,"column":8},"end":{"line":199,"column":8}},{"start":{"line":199,"column":8},"end":{"line":199,"column":8}}]},"18":{"line":214,"type":"if","locations":[{"start":{"line":214,"column":50},"end":{"line":214,"column":50}},{"start":{"line":214,"column":50},"end":{"line":214,"column":50}}]},"19":{"line":215,"type":"if","locations":[{"start":{"line":215,"column":8},"end":{"line":215,"column":8}},{"start":{"line":215,"column":8},"end":{"line":215,"column":8}}]},"20":{"line":230,"type":"if","locations":[{"start":{"line":230,"column":69},"end":{"line":230,"column":69}},{"start":{"line":230,"column":69},"end":{"line":230,"column":69}}]},"21":{"line":231,"type":"if","locations":[{"start":{"line":231,"column":8},"end":{"line":231,"column":8}},{"start":{"line":231,"column":8},"end":{"line":231,"column":8}}]},"22":{"line":232,"type":"if","locations":[{"start":{"line":232,"column":8},"end":{"line":232,"column":8}},{"start":{"line":232,"column":8},"end":{"line":232,"column":8}}]},"23":{"line":245,"type":"if","locations":[{"start":{"line":245,"column":8},"end":{"line":245,"column":8}},{"start":{"line":245,"column":8},"end":{"line":245,"column":8}}]},"24":{"line":250,"type":"if","locations":[{"start":{"line":250,"column":16},"end":{"line":250,"column":16}},{"start":{"line":250,"column":16},"end":{"line":250,"column":16}}]},"25":{"line":261,"type":"if","locations":[{"start":{"line":261,"column":61},"end":{"line":261,"column":61}},{"start":{"line":261,"column":61},"end":{"line":261,"column":61}}]},"26":{"line":267,"type":"if","locations":[{"start":{"line":267,"column":59},"end":{"line":267,"column":59}},{"start":{"line":267,"column":59},"end":{"line":267,"column":59}}]},"27":{"line":273,"type":"if","locations":[{"start":{"line":273,"column":69},"end":{"line":273,"column":69}},{"start":{"line":273,"column":69},"end":{"line":273,"column":69}}]},"28":{"line":279,"type":"if","locations":[{"start":{"line":279,"column":59},"end":{"line":279,"column":59}},{"start":{"line":279,"column":59},"end":{"line":279,"column":59}}]},"29":{"line":285,"type":"if","locations":[{"start":{"line":285,"column":61},"end":{"line":285,"column":61}},{"start":{"line":285,"column":61},"end":{"line":285,"column":61}}]},"30":{"line":291,"type":"if","locations":[{"start":{"line":291,"column":30},"end":{"line":291,"column":30}},{"start":{"line":291,"column":30},"end":{"line":291,"column":30}}]},"31":{"line":295,"type":"if","locations":[{"start":{"line":295,"column":32},"end":{"line":295,"column":32}},{"start":{"line":295,"column":32},"end":{"line":295,"column":32}}]},"32":{"line":304,"type":"if","locations":[{"start":{"line":304,"column":76},"end":{"line":304,"column":76}},{"start":{"line":304,"column":76},"end":{"line":304,"column":76}}]}}},"contracts\\StakingRewards.sol":{"l":{"36":59,"37":59,"41":12,"42":12,"46":5,"47":4,"51":3,"52":2,"56":6,"57":5,"62":31,"63":30,"64":29,"66":29,"76":29,"81":21,"83":19,"84":19,"86":18,"87":18,"88":18,"90":18,"95":8,"97":7,"98":7,"100":5,"101":5,"103":4,"104":4,"106":3,"107":3,"109":3,"114":13,"116":12,"117":12,"118":11,"120":9,"121":9,"122":9,"124":9,"127":9,"129":9,"134":6},"path":"C:\\Users\\aashu\\OneDrive\\Desktop\\Projects\\bitton-contracts\\contracts\\StakingRewards.sol","s":{"1":12,"2":5,"3":3,"4":6,"5":31,"6":30,"7":29,"8":29,"9":29,"10":21,"11":2,"12":19,"13":19,"14":1,"15":18,"16":18,"17":18,"18":18,"19":8,"20":7,"21":7,"22":5,"23":5,"24":4,"25":4,"26":3,"27":3,"28":13,"29":12,"30":12,"31":11,"32":9,"33":9,"34":9,"35":9,"36":9,"37":6},"b":{"1":[12,1],"2":[5,1],"3":[4,1],"4":[3,1],"5":[2,1],"6":[6,1],"7":[5,1],"8":[31,0],"9":[30,1],"10":[29,1],"11":[2,19],"12":[1,18],"13":[8,0],"14":[7,1],"15":[5,2],"16":[4,1],"17":[3,1],"18":[13,0],"19":[12,1],"20":[11,1],"21":[9,2]},"f":{"1":59,"2":12,"3":5,"4":3,"5":6,"6":31,"7":21,"8":8,"9":13,"10":6},"fnMap":{"1":{"name":"constructor","line":35,"loc":{"start":{"line":35,"column":4},"end":{"line":38,"column":4}}},"2":{"name":"setWhitelistedToken","line":40,"loc":{"start":{"line":40,"column":4},"end":{"line":43,"column":4}}},"3":{"name":"setDefaultRewardRate","line":45,"loc":{"start":{"line":45,"column":4},"end":{"line":48,"column":4}}},"4":{"name":"setDefaultLockPeriod","line":50,"loc":{"start":{"line":50,"column":4},"end":{"line":53,"column":4}}},"5":{"name":"setClaimDayOfWeek","line":55,"loc":{"start":{"line":55,"column":4},"end":{"line":58,"column":4}}},"6":{"name":"stake","line":61,"loc":{"start":{"line":61,"column":4},"end":{"line":77,"column":4}}},"7":{"name":"getPendingRewards","line":80,"loc":{"start":{"line":80,"column":4},"end":{"line":91,"column":4}}},"8":{"name":"claimRewards","line":94,"loc":{"start":{"line":94,"column":4},"end":{"line":110,"column":4}}},"9":{"name":"unstake","line":113,"loc":{"start":{"line":113,"column":4},"end":{"line":130,"column":4}}},"10":{"name":"getUserStakes","line":133,"loc":{"start":{"line":133,"column":4},"end":{"line":135,"column":4}}}},"statementMap":{"1":{"start":{"line":42,"column":8},"end":{"line":42,"column":44}},"2":{"start":{"line":46,"column":8},"end":{"line":46,"column":46}},"3":{"start":{"line":51,"column":8},"end":{"line":51,"column":45}},"4":{"start":{"line":56,"column":8},"end":{"line":56,"column":39}},"5":{"start":{"line":62,"column":8},"end":{"line":62,"column":65}},"6":{"start":{"line":63,"column":8},"end":{"line":63,"column":44}},"7":{"start":{"line":64,"column":8},"end":{"line":64,"column":72}},"8":{"start":{"line":66,"column":8},"end":{"line":66,"column":2413}},"9":{"start":{"line":76,"column":8},"end":{"line":76,"column":46}},"10":{"start":{"line":81,"column":8},"end":{"line":81,"column":59}},"11":{"start":{"line":81,"column":51},"end":{"line":81,"column":59}},"12":{"start":{"line":83,"column":8},"end":{"line":83,"column":68}},"13":{"start":{"line":84,"column":8},"end":{"line":84,"column":38}},"14":{"start":{"line":84,"column":30},"end":{"line":84,"column":38}},"15":{"start":{"line":86,"column":8},"end":{"line":86,"column":70}},"16":{"start":{"line":87,"column":8},"end":{"line":87,"column":77}},"17":{"start":{"line":88,"column":8},"end":{"line":88,"column":54}},"18":{"start":{"line":90,"column":8},"end":{"line":90,"column":44}},"19":{"start":{"line":95,"column":8},"end":{"line":95,"column":75}},"20":{"start":{"line":97,"column":8},"end":{"line":97,"column":63}},"21":{"start":{"line":98,"column":8},"end":{"line":98,"column":84}},"22":{"start":{"line":100,"column":8},"end":{"line":100,"column":75}},"23":{"start":{"line":101,"column":8},"end":{"line":101,"column":51}},"24":{"start":{"line":103,"column":8},"end":{"line":103,"column":66}},"25":{"start":{"line":104,"column":8},"end":{"line":104,"column":49}},"26":{"start":{"line":107,"column":8},"end":{"line":107,"column":62}},"27":{"start":{"line":109,"column":8},"end":{"line":109,"column":58}},"28":{"start":{"line":114,"column":8},"end":{"line":114,"column":75}},"29":{"start":{"line":116,"column":8},"end":{"line":116,"column":75}},"30":{"start":{"line":117,"column":8},"end":{"line":117,"column":51}},"31":{"start":{"line":118,"column":8},"end":{"line":118,"column":100}},"32":{"start":{"line":120,"column":8},"end":{"line":120,"column":66}},"33":{"start":{"line":121,"column":8},"end":{"line":121,"column":40}},"34":{"start":{"line":122,"column":8},"end":{"line":122,"column":38}},"35":{"start":{"line":127,"column":8},"end":{"line":127,"column":62}},"36":{"start":{"line":129,"column":8},"end":{"line":129,"column":49}},"37":{"start":{"line":134,"column":8},"end":{"line":134,"column":31}}},"branchMap":{"1":{"line":40,"type":"if","locations":[{"start":{"line":40,"column":70},"end":{"line":40,"column":70}},{"start":{"line":40,"column":70},"end":{"line":40,"column":70}}]},"2":{"line":45,"type":"if","locations":[{"start":{"line":45,"column":57},"end":{"line":45,"column":57}},{"start":{"line":45,"column":57},"end":{"line":45,"column":57}}]},"3":{"line":46,"type":"if","locations":[{"start":{"line":46,"column":8},"end":{"line":46,"column":8}},{"start":{"line":46,"column":8},"end":{"line":46,"column":8}}]},"4":{"line":50,"type":"if","locations":[{"start":{"line":50,"column":59},"end":{"line":50,"column":59}},{"start":{"line":50,"column":59},"end":{"line":50,"column":59}}]},"5":{"line":51,"type":"if","locations":[{"start":{"line":51,"column":8},"end":{"line":51,"column":8}},{"start":{"line":51,"column":8},"end":{"line":51,"column":8}}]},"6":{"line":55,"type":"if","locations":[{"start":{"line":55,"column":53},"end":{"line":55,"column":53}},{"start":{"line":55,"column":53},"end":{"line":55,"column":53}}]},"7":{"line":56,"type":"if","locations":[{"start":{"line":56,"column":8},"end":{"line":56,"column":8}},{"start":{"line":56,"column":8},"end":{"line":56,"column":8}}]},"8":{"line":61,"type":"if","locations":[{"start":{"line":61,"column":59},"end":{"line":61,"column":59}},{"start":{"line":61,"column":59},"end":{"line":61,"column":59}}]},"9":{"line":62,"type":"if","locations":[{"start":{"line":62,"column":8},"end":{"line":62,"column":8}},{"start":{"line":62,"column":8},"end":{"line":62,"column":8}}]},"10":{"line":63,"type":"if","locations":[{"start":{"line":63,"column":8},"end":{"line":63,"column":8}},{"start":{"line":63,"column":8},"end":{"line":63,"column":8}}]},"11":{"line":81,"type":"if","locations":[{"start":{"line":81,"column":8},"end":{"line":81,"column":8}},{"start":{"line":81,"column":8},"end":{"line":81,"column":8}}]},"12":{"line":84,"type":"if","locations":[{"start":{"line":84,"column":8},"end":{"line":84,"column":8}},{"start":{"line":84,"column":8},"end":{"line":84,"column":8}}]},"13":{"line":94,"type":"if","locations":[{"start":{"line":94,"column":55},"end":{"line":94,"column":55}},{"start":{"line":94,"column":55},"end":{"line":94,"column":55}}]},"14":{"line":95,"type":"if","locations":[{"start":{"line":95,"column":8},"end":{"line":95,"column":8}},{"start":{"line":95,"column":8},"end":{"line":95,"column":8}}]},"15":{"line":98,"type":"if","locations":[{"start":{"line":98,"column":8},"end":{"line":98,"column":8}},{"start":{"line":98,"column":8},"end":{"line":98,"column":8}}]},"16":{"line":101,"type":"if","locations":[{"start":{"line":101,"column":8},"end":{"line":101,"column":8}},{"start":{"line":101,"column":8},"end":{"line":101,"column":8}}]},"17":{"line":104,"type":"if","locations":[{"start":{"line":104,"column":8},"end":{"line":104,"column":8}},{"start":{"line":104,"column":8},"end":{"line":104,"column":8}}]},"18":{"line":113,"type":"if","locations":[{"start":{"line":113,"column":50},"end":{"line":113,"column":50}},{"start":{"line":113,"column":50},"end":{"line":113,"column":50}}]},"19":{"line":114,"type":"if","locations":[{"start":{"line":114,"column":8},"end":{"line":114,"column":8}},{"start":{"line":114,"column":8},"end":{"line":114,"column":8}}]},"20":{"line":117,"type":"if","locations":[{"start":{"line":117,"column":8},"end":{"line":117,"column":8}},{"start":{"line":117,"column":8},"end":{"line":117,"column":8}}]},"21":{"line":118,"type":"if","locations":[{"start":{"line":118,"column":8},"end":{"line":118,"column":8}},{"start":{"line":118,"column":8},"end":{"line":118,"column":8}}]}}},"contracts\\StakingVault.sol":{"l":{"79":1,"94":205,"95":204,"97":203,"98":203,"99":203,"100":203,"102":203,"103":203,"104":203,"106":203,"107":203,"108":203,"120":113,"121":111,"124":110,"125":107,"126":3,"130":107,"132":106,"134":106,"142":106,"144":106,"157":27,"158":2,"161":25,"162":25,"164":23,"165":23,"166":23,"168":23,"170":6,"171":3,"175":17,"176":14,"181":20,"184":20,"185":20,"188":20,"189":20,"191":20,"192":14,"193":13,"196":19,"205":2,"212":89,"213":0,"215":89,"222":60,"223":1,"225":59,"232":11,"233":11,"234":11,"235":12,"236":11,"239":11,"246":57,"258":47,"259":1,"261":46,"262":46,"264":45,"266":45,"272":3,"273":3,"274":3,"278":2,"279":1,"280":1,"281":1,"285":3,"289":1,"308":79,"309":79,"311":78,"312":78,"314":76,"316":76,"317":76,"326":76,"329":68,"330":66,"331":66,"332":61,"334":57},"path":"C:\\Users\\aashu\\OneDrive\\Desktop\\Projects\\bitton-contracts\\contracts\\StakingVault.sol","s":{"1":1,"2":205,"3":204,"4":203,"5":203,"6":203,"7":203,"8":203,"9":203,"10":203,"11":113,"12":111,"13":110,"14":107,"15":107,"16":106,"17":106,"18":106,"19":27,"20":25,"21":25,"22":23,"23":23,"24":23,"25":23,"26":6,"27":17,"28":20,"29":20,"30":20,"31":20,"32":14,"33":13,"34":19,"35":2,"36":89,"37":89,"38":60,"39":59,"40":11,"41":11,"42":11,"43":12,"44":11,"45":57,"46":47,"47":46,"48":46,"49":45,"50":3,"51":3,"52":2,"53":1,"54":1,"55":3,"56":1,"57":79,"58":79,"59":1,"60":78,"61":78,"62":2,"63":76,"64":76,"65":76,"66":76,"67":8,"68":68,"69":66,"70":66,"71":5,"72":61,"73":6,"74":57},"b":{"1":[205,1],"2":[1,204],"3":[1,203],"4":[114,0],"5":[113,1],"6":[2,111],"7":[1,110],"8":[107,3],"9":[3,104],"10":[28,0],"11":[27,1],"12":[2,25],"13":[2,23],"14":[6,17],"15":[3,3],"16":[14,3],"17":[14,6],"18":[1,13],"19":[0,89],"20":[1,59],"21":[11,1],"22":[47,1],"23":[1,46],"24":[1,45],"25":[3,1],"26":[2,1],"27":[1,1],"28":[3,1],"29":[1,0],"30":[1,78],"31":[1,0],"32":[2,76],"33":[8,68],"34":[66,2],"35":[5,61],"36":[6,55],"37":[1,1]},"f":{"1":1,"2":205,"3":113,"4":27,"5":2,"6":89,"7":60,"8":11,"9":57,"10":47,"11":3,"12":2,"13":3,"14":1,"15":79,"16":76,"17":1},"fnMap":{"1":{"name":"constructor","line":78,"loc":{"start":{"line":78,"column":4},"end":{"line":80,"column":4}}},"2":{"name":"initialize","line":93,"loc":{"start":{"line":88,"column":4},"end":{"line":109,"column":4}}},"3":{"name":"stake","line":119,"loc":{"start":{"line":119,"column":4},"end":{"line":145,"column":4}}},"4":{"name":"unstake","line":156,"loc":{"start":{"line":156,"column":4},"end":{"line":197,"column":4}}},"5":{"name":"getStakes","line":204,"loc":{"start":{"line":204,"column":4},"end":{"line":206,"column":4}}},"6":{"name":"getStake","line":211,"loc":{"start":{"line":211,"column":4},"end":{"line":216,"column":4}}},"7":{"name":"getPendingRewards","line":221,"loc":{"start":{"line":221,"column":4},"end":{"line":226,"column":4}}},"8":{"name":"getUserTotalStaked","line":231,"loc":{"start":{"line":231,"column":4},"end":{"line":240,"column":4}}},"9":{"name":"getStakeCount","line":245,"loc":{"start":{"line":245,"column":4},"end":{"line":247,"column":4}}},"10":{"name":"resetLastRewardTime","line":257,"loc":{"start":{"line":257,"column":4},"end":{"line":267,"column":4}}},"11":{"name":"setVaultManager","line":271,"loc":{"start":{"line":271,"column":4},"end":{"line":275,"column":4}}},"12":{"name":"setTreasuryAddress","line":277,"loc":{"start":{"line":277,"column":4},"end":{"line":282,"column":4}}},"13":{"name":"pause","line":284,"loc":{"start":{"line":284,"column":4},"end":{"line":286,"column":4}}},"14":{"name":"unpause","line":288,"loc":{"start":{"line":288,"column":4},"end":{"line":290,"column":4}}},"15":{"name":"_calculateReward","line":307,"loc":{"start":{"line":307,"column":4},"end":{"line":318,"column":4}}},"16":{"name":"_getMultiplier","line":325,"loc":{"start":{"line":325,"column":4},"end":{"line":335,"column":4}}},"17":{"name":"_authorizeUpgrade","line":340,"loc":{"start":{"line":340,"column":4},"end":{"line":340,"column":106}}}},"statementMap":{"1":{"start":{"line":79,"column":8},"end":{"line":79,"column":29}},"2":{"start":{"line":94,"column":8},"end":{"line":94,"column":57}},"3":{"start":{"line":95,"column":8},"end":{"line":95,"column":54}},"4":{"start":{"line":97,"column":8},"end":{"line":97,"column":29}},"5":{"start":{"line":98,"column":8},"end":{"line":98,"column":24}},"6":{"start":{"line":99,"column":8},"end":{"line":99,"column":31}},"7":{"start":{"line":100,"column":8},"end":{"line":100,"column":31}},"8":{"start":{"line":102,"column":8},"end":{"line":102,"column":45}},"9":{"start":{"line":103,"column":8},"end":{"line":103,"column":40}},"10":{"start":{"line":104,"column":8},"end":{"line":104,"column":41}},"11":{"start":{"line":120,"column":8},"end":{"line":120,"column":44}},"12":{"start":{"line":121,"column":8},"end":{"line":121,"column":67}},"13":{"start":{"line":124,"column":8},"end":{"line":124,"column":5024}},"14":{"start":{"line":125,"column":12},"end":{"line":125,"column":5075}},"15":{"start":{"line":130,"column":8},"end":{"line":130,"column":67}},"16":{"start":{"line":132,"column":8},"end":{"line":132,"column":55}},"17":{"start":{"line":134,"column":8},"end":{"line":134,"column":5347}},"18":{"start":{"line":144,"column":8},"end":{"line":144,"column":64}},"19":{"start":{"line":157,"column":8},"end":{"line":157,"column":6206}},"20":{"start":{"line":161,"column":8},"end":{"line":161,"column":61}},"21":{"start":{"line":162,"column":8},"end":{"line":162,"column":46}},"22":{"start":{"line":164,"column":8},"end":{"line":164,"column":55}},"23":{"start":{"line":165,"column":8},"end":{"line":165,"column":36}},"24":{"start":{"line":166,"column":8},"end":{"line":166,"column":27}},"25":{"start":{"line":168,"column":8},"end":{"line":168,"column":6599}},"26":{"start":{"line":170,"column":12},"end":{"line":170,"column":6688}},"27":{"start":{"line":175,"column":12},"end":{"line":175,"column":6889}},"28":{"start":{"line":181,"column":8},"end":{"line":181,"column":72}},"29":{"start":{"line":188,"column":8},"end":{"line":188,"column":50}},"30":{"start":{"line":189,"column":8},"end":{"line":189,"column":54}},"31":{"start":{"line":191,"column":8},"end":{"line":191,"column":7435}},"32":{"start":{"line":192,"column":12},"end":{"line":192,"column":70}},"33":{"start":{"line":193,"column":12},"end":{"line":193,"column":58}},"34":{"start":{"line":196,"column":8},"end":{"line":196,"column":71}},"35":{"start":{"line":205,"column":8},"end":{"line":205,"column":28}},"36":{"start":{"line":212,"column":8},"end":{"line":212,"column":8128}},"37":{"start":{"line":215,"column":8},"end":{"line":215,"column":40}},"38":{"start":{"line":222,"column":8},"end":{"line":222,"column":8525}},"39":{"start":{"line":225,"column":8},"end":{"line":225,"column":49}},"40":{"start":{"line":232,"column":8},"end":{"line":232,"column":25}},"41":{"start":{"line":233,"column":8},"end":{"line":233,"column":54}},"42":{"start":{"line":234,"column":8},"end":{"line":234,"column":8980}},"43":{"start":{"line":235,"column":12},"end":{"line":235,"column":9047}},"44":{"start":{"line":239,"column":8},"end":{"line":239,"column":20}},"45":{"start":{"line":246,"column":8},"end":{"line":246,"column":35}},"46":{"start":{"line":258,"column":8},"end":{"line":258,"column":9792}},"47":{"start":{"line":261,"column":8},"end":{"line":261,"column":55}},"48":{"start":{"line":262,"column":8},"end":{"line":262,"column":46}},"49":{"start":{"line":266,"column":8},"end":{"line":266,"column":67}},"50":{"start":{"line":272,"column":8},"end":{"line":272,"column":34}},"51":{"start":{"line":274,"column":8},"end":{"line":274,"column":48}},"52":{"start":{"line":278,"column":8},"end":{"line":278,"column":57}},"53":{"start":{"line":279,"column":8},"end":{"line":279,"column":37}},"54":{"start":{"line":281,"column":8},"end":{"line":281,"column":51}},"55":{"start":{"line":285,"column":8},"end":{"line":285,"column":15}},"56":{"start":{"line":289,"column":8},"end":{"line":289,"column":17}},"57":{"start":{"line":308,"column":8},"end":{"line":308,"column":55}},"58":{"start":{"line":309,"column":8},"end":{"line":309,"column":48}},"59":{"start":{"line":309,"column":40},"end":{"line":309,"column":48}},"60":{"start":{"line":311,"column":8},"end":{"line":311,"column":60}},"61":{"start":{"line":312,"column":8},"end":{"line":312,"column":34}},"62":{"start":{"line":312,"column":26},"end":{"line":312,"column":34}},"63":{"start":{"line":314,"column":8},"end":{"line":314,"column":64}},"64":{"start":{"line":316,"column":8},"end":{"line":316,"column":82}},"65":{"start":{"line":317,"column":8},"end":{"line":317,"column":21}},"66":{"start":{"line":326,"column":8},"end":{"line":326,"column":52}},"67":{"start":{"line":326,"column":30},"end":{"line":326,"column":52}},"68":{"start":{"line":329,"column":8},"end":{"line":329,"column":12443}},"69":{"start":{"line":330,"column":12},"end":{"line":330,"column":70}},"70":{"start":{"line":331,"column":12},"end":{"line":331,"column":36}},"71":{"start":{"line":331,"column":27},"end":{"line":331,"column":36}},"72":{"start":{"line":332,"column":12},"end":{"line":332,"column":36}},"73":{"start":{"line":332,"column":27},"end":{"line":332,"column":36}},"74":{"start":{"line":334,"column":8},"end":{"line":334,"column":33}}},"branchMap":{"1":{"line":93,"type":"if","locations":[{"start":{"line":93,"column":15},"end":{"line":93,"column":15}},{"start":{"line":93,"column":15},"end":{"line":93,"column":15}}]},"2":{"line":94,"type":"if","locations":[{"start":{"line":94,"column":8},"end":{"line":94,"column":8}},{"start":{"line":94,"column":8},"end":{"line":94,"column":8}}]},"3":{"line":95,"type":"if","locations":[{"start":{"line":95,"column":8},"end":{"line":95,"column":8}},{"start":{"line":95,"column":8},"end":{"line":95,"column":8}}]},"4":{"line":119,"type":"if","locations":[{"start":{"line":119,"column":63},"end":{"line":119,"column":63}},{"start":{"line":119,"column":63},"end":{"line":119,"column":63}}]},"5":{"line":119,"type":"if","locations":[{"start":{"line":119,"column":76},"end":{"line":119,"column":76}},{"start":{"line":119,"column":76},"end":{"line":119,"column":76}}]},"6":{"line":120,"type":"if","locations":[{"start":{"line":120,"column":8},"end":{"line":120,"column":8}},{"start":{"line":120,"column":8},"end":{"line":120,"column":8}}]},"7":{"line":121,"type":"if","locations":[{"start":{"line":121,"column":8},"end":{"line":121,"column":8}},{"start":{"line":121,"column":8},"end":{"line":121,"column":8}}]},"8":{"line":124,"type":"if","locations":[{"start":{"line":124,"column":8},"end":{"line":124,"column":8}},{"start":{"line":124,"column":8},"end":{"line":124,"column":8}}]},"9":{"line":125,"type":"if","locations":[{"start":{"line":125,"column":12},"end":{"line":125,"column":12}},{"start":{"line":125,"column":12},"end":{"line":125,"column":12}}]},"10":{"line":156,"type":"if","locations":[{"start":{"line":156,"column":50},"end":{"line":156,"column":50}},{"start":{"line":156,"column":50},"end":{"line":156,"column":50}}]},"11":{"line":156,"type":"if","locations":[{"start":{"line":156,"column":63},"end":{"line":156,"column":63}},{"start":{"line":156,"column":63},"end":{"line":156,"column":63}}]},"12":{"line":157,"type":"if","locations":[{"start":{"line":157,"column":8},"end":{"line":157,"column":8}},{"start":{"line":157,"column":8},"end":{"line":157,"column":8}}]},"13":{"line":162,"type":"if","locations":[{"start":{"line":162,"column":8},"end":{"line":162,"column":8}},{"start":{"line":162,"column":8},"end":{"line":162,"column":8}}]},"14":{"line":168,"type":"if","locations":[{"start":{"line":168,"column":8},"end":{"line":168,"column":8}},{"start":{"line":168,"column":8},"end":{"line":168,"column":8}}]},"15":{"line":170,"type":"if","locations":[{"start":{"line":170,"column":12},"end":{"line":170,"column":12}},{"start":{"line":170,"column":12},"end":{"line":170,"column":12}}]},"16":{"line":175,"type":"if","locations":[{"start":{"line":175,"column":12},"end":{"line":175,"column":12}},{"start":{"line":175,"column":12},"end":{"line":175,"column":12}}]},"17":{"line":191,"type":"if","locations":[{"start":{"line":191,"column":8},"end":{"line":191,"column":8}},{"start":{"line":191,"column":8},"end":{"line":191,"column":8}}]},"18":{"line":192,"type":"if","locations":[{"start":{"line":192,"column":12},"end":{"line":192,"column":12}},{"start":{"line":192,"column":12},"end":{"line":192,"column":12}}]},"19":{"line":212,"type":"if","locations":[{"start":{"line":212,"column":8},"end":{"line":212,"column":8}},{"start":{"line":212,"column":8},"end":{"line":212,"column":8}}]},"20":{"line":222,"type":"if","locations":[{"start":{"line":222,"column":8},"end":{"line":222,"column":8}},{"start":{"line":222,"column":8},"end":{"line":222,"column":8}}]},"21":{"line":235,"type":"if","locations":[{"start":{"line":235,"column":12},"end":{"line":235,"column":12}},{"start":{"line":235,"column":12},"end":{"line":235,"column":12}}]},"22":{"line":257,"type":"if","locations":[{"start":{"line":257,"column":76},"end":{"line":257,"column":76}},{"start":{"line":257,"column":76},"end":{"line":257,"column":76}}]},"23":{"line":258,"type":"if","locations":[{"start":{"line":258,"column":8},"end":{"line":258,"column":8}},{"start":{"line":258,"column":8},"end":{"line":25
[...]
20,"column":61}},{"start":{"line":120,"column":61},"end":{"line":120,"column":61}}]},"7":{"line":121,"type":"if","locations":[{"start":{"line":121,"column":8},"end":{"line":121,"column":8}},{"start":{"line":121,"column":8},"end":{"line":121,"column":8}}]},"8":{"line":121,"type":"cond-expr","locations":[{"start":{"line":121,"column":12},"end":{"line":121,"column":19}},{"start":{"line":121,"column":24},"end":{"line":121,"column":31}}]},"9":{"line":122,"type":"if","locations":[{"start":{"line":122,"column":8},"end":{"line":122,"column":8}},{"start":{"line":122,"column":8},"end":{"line":122,"column":8}}]},"10":{"line":123,"type":"if","locations":[{"start":{"line":123,"column":8},"end":{"line":123,"column":8}},{"start":{"line":123,"column":8},"end":{"line":123,"column":8}}]},"11":{"line":131,"type":"if","locations":[{"start":{"line":131,"column":8},"end":{"line":131,"column":8}},{"start":{"line":131,"column":8},"end":{"line":131,"column":8}}]},"12":{"line":146,"type":"if","locations":[{"start":{"line":146,"column":12},"end":{"line":146,"column":12}},{"start":{"line":146,"column":12},"end":{"line":146,"column":12}}]},"13":{"line":147,"type":"cond-expr","locations":[{"start":{"line":147,"column":16},"end":{"line":147,"column":67}},{"start":{"line":148,"column":16},"end":{"line":148,"column":52}}]},"14":{"line":189,"type":"if","locations":[{"start":{"line":189,"column":56},"end":{"line":189,"column":56}},{"start":{"line":189,"column":56},"end":{"line":189,"column":56}}]},"15":{"line":190,"type":"if","locations":[{"start":{"line":190,"column":8},"end":{"line":190,"column":8}},{"start":{"line":190,"column":8},"end":{"line":190,"column":8}}]},"16":{"line":196,"type":"if","locations":[{"start":{"line":196,"column":60},"end":{"line":196,"column":60}},{"start":{"line":196,"column":60},"end":{"line":196,"column":60}}]},"17":{"line":197,"type":"if","locations":[{"start":{"line":197,"column":8},"end":{"line":197,"column":8}},{"start":{"line":197,"column":8},"end":{"line":197,"column":8}}]},"18":{"line":203,"type":"if","locations":[{"start":{"line":203,"column":30},"end":{"line":203,"column":30}},{"start":{"line":203,"column":30},"end":{"line":203,"column":30}}]},"19":{"line":207,"type":"if","locations":[{"start":{"line":207,"column":32},"end":{"line":207,"column":32}},{"start":{"line":207,"column":32},"end":{"line":207,"column":32}}]},"20":{"line":224,"type":"if","locations":[{"start":{"line":224,"column":8},"end":{"line":224,"column":8}},{"start":{"line":224,"column":8},"end":{"line":224,"column":8}}]},"21":{"line":237,"type":"if","locations":[{"start":{"line":237,"column":8},"end":{"line":237,"column":8}},{"start":{"line":237,"column":8},"end":{"line":237,"column":8}}]},"22":{"line":242,"type":"if","locations":[{"start":{"line":242,"column":8},"end":{"line":242,"column":8}},{"start":{"line":242,"column":8},"end":{"line":242,"column":8}}]},"23":{"line":256,"type":"if","locations":[{"start":{"line":256,"column":76},"end":{"line":256,"column":76}},{"start":{"line":256,"column":76},"end":{"line":256,"column":76}}]}}},"contracts\\VestingPool.sol":{"l":{"59":1,"72":123,"73":122,"75":121,"76":121,"77":121,"78":121,"80":121,"81":121,"82":121,"84":121,"85":121,"98":51,"99":50,"101":49,"104":49,"105":45,"108":49,"120":69,"121":1,"123":68,"125":67,"126":67,"129":65,"130":65,"133":65,"134":65,"136":65,"145":0,"152":4,"158":1,"159":1,"160":1,"164":3,"168":1,"182":71,"183":71,"185":69,"186":69,"188":68,"191":68,"192":1,"195":68},"path":"C:\\Users\\aashu\\OneDrive\\Desktop\\Projects\\bitton-contracts\\contracts\\VestingPool.sol","s":{"1":1,"2":123,"3":122,"4":121,"5":121,"6":121,"7":121,"8":121,"9":121,"10":121,"11":51,"12":50,"13":49,"14":49,"15":69,"16":68,"17":67,"18":67,"19":65,"20":65,"21":65,"22":0,"23":4,"24":1,"25":1,"26":3,"27":1,"28":71,"29":71,"30":2,"31":69,"32":69,"33":1,"34":68,"35":68,"36":68},"b":{"1":[123,1],"2":[1,122],"3":[1,121],"4":[51,2],"5":[1,50],"6":[1,49],"7":[45,4],"8":[70,0],"9":[69,1],"10":[1,68],"11":[1,67],"12":[2,65],"13":[1,1],"14":[3,1],"15":[1,1],"16":[2,69],"17":[2,0],"18":[1,68],"19":[1,67],"20":[1,1]},"f":{"1":1,"2":123,"3":51,"4":69,"5":0,"6":4,"7":1,"8":3,"9":1,"10":71,"11":1},"fnMap":{"1":{"name":"constructor","line":58,"loc":{"start":{"line":58,"column":4},"end":{"line":60,"column":4}}},"2":{"name":"initialize","line":71,"loc":{"start":{"line":67,"column":4},"end":{"line":86,"column":4}}},"3":{"name":"addVesting","line":97,"loc":{"start":{"line":97,"column":4},"end":{"line":109,"column":4}}},"4":{"name":"release","line":119,"loc":{"start":{"line":119,"column":4},"end":{"line":137,"column":4}}},"5":{"name":"getVestedBalance","line":144,"loc":{"start":{"line":144,"column":4},"end":{"line":146,"column":4}}},"6":{"name":"getPendingRelease","line":151,"loc":{"start":{"line":151,"column":4},"end":{"line":153,"column":4}}},"7":{"name":"setWithdrawalWallet","line":157,"loc":{"start":{"line":157,"column":4},"end":{"line":161,"column":4}}},"8":{"name":"pause","line":163,"loc":{"start":{"line":163,"column":4},"end":{"line":165,"column":4}}},"9":{"name":"unpause","line":167,"loc":{"start":{"line":167,"column":4},"end":{"line":169,"column":4}}},"10":{"name":"_calculateRelease","line":181,"loc":{"start":{"line":181,"column":4},"end":{"line":196,"column":4}}},"11":{"name":"_authorizeUpgrade","line":201,"loc":{"start":{"line":201,"column":4},"end":{"line":201,"column":106}}}},"statementMap":{"1":{"start":{"line":59,"column":8},"end":{"line":59,"column":29}},"2":{"start":{"line":72,"column":8},"end":{"line":72,"column":57}},"3":{"start":{"line":73,"column":8},"end":{"line":73,"column":54}},"4":{"start":{"line":75,"column":8},"end":{"line":75,"column":29}},"5":{"start":{"line":76,"column":8},"end":{"line":76,"column":24}},"6":{"start":{"line":77,"column":8},"end":{"line":77,"column":31}},"7":{"start":{"line":78,"column":8},"end":{"line":78,"column":31}},"8":{"start":{"line":80,"column":8},"end":{"line":80,"column":45}},"9":{"start":{"line":81,"column":8},"end":{"line":81,"column":40}},"10":{"start":{"line":82,"column":8},"end":{"line":82,"column":41}},"11":{"start":{"line":98,"column":8},"end":{"line":98,"column":52}},"12":{"start":{"line":99,"column":8},"end":{"line":99,"column":44}},"13":{"start":{"line":104,"column":8},"end":{"line":104,"column":3905}},"14":{"start":{"line":108,"column":8},"end":{"line":108,"column":39}},"15":{"start":{"line":120,"column":8},"end":{"line":120,"column":4501}},"16":{"start":{"line":123,"column":8},"end":{"line":123,"column":75}},"17":{"start":{"line":125,"column":8},"end":{"line":125,"column":52}},"18":{"start":{"line":126,"column":8},"end":{"line":126,"column":54}},"19":{"start":{"line":133,"column":8},"end":{"line":133,"column":58}},"20":{"start":{"line":134,"column":8},"end":{"line":134,"column":76}},"21":{"start":{"line":136,"column":8},"end":{"line":136,"column":45}},"22":{"start":{"line":145,"column":8},"end":{"line":145,"column":34}},"23":{"start":{"line":152,"column":8},"end":{"line":152,"column":38}},"24":{"start":{"line":158,"column":8},"end":{"line":158,"column":38}},"25":{"start":{"line":160,"column":8},"end":{"line":160,"column":60}},"26":{"start":{"line":164,"column":8},"end":{"line":164,"column":15}},"27":{"start":{"line":168,"column":8},"end":{"line":168,"column":17}},"28":{"start":{"line":182,"column":8},"end":{"line":182,"column":45}},"29":{"start":{"line":183,"column":8},"end":{"line":183,"column":64}},"30":{"start":{"line":183,"column":56},"end":{"line":183,"column":64}},"31":{"start":{"line":185,"column":8},"end":{"line":185,"column":69}},"32":{"start":{"line":186,"column":8},"end":{"line":186,"column":38}},"33":{"start":{"line":186,"column":30},"end":{"line":186,"column":38}},"34":{"start":{"line":188,"column":8},"end":{"line":188,"column":74}},"35":{"start":{"line":191,"column":8},"end":{"line":191,"column":6988}},"36":{"start":{"line":195,"column":8},"end":{"line":195,"column":25}}},"branchMap":{"1":{"line":71,"type":"if","locations":[{"start":{"line":71,"column":15},"end":{"line":71,"column":15}},{"start":{"line":71,"column":15},"end":{"line":71,"column":15}}]},"2":{"line":72,"type":"if","locations":[{"start":{"line":72,"column":8},"end":{"line":72,"column":8}},{"start":{"line":72,"column":8},"end":{"line":72,"column":8}}]},"3":{"line":73,"type":"if","locations":[{"start":{"line":73,"column":8},"end":{"line":73,"column":8}},{"start":{"line":73,"column":8},"end":{"line":73,"column":8}}]},"4":{"line":97,"type":"if","locations":[{"start":{"line":97,"column":63},"end":{"line":97,"column":63}},{"start":{"line":97,"column":63},"end":{"line":97,"column":63}}]},"5":{"line":98,"type":"if","locations":[{"start":{"line":98,"column":8},"end":{"line":98,"column":8}},{"start":{"line":98,"column":8},"end":{"line":98,"column":8}}]},"6":{"line":99,"type":"if","locations":[{"start":{"line":99,"column":8},"end":{"line":99,"column":8}},{"start":{"line":99,"column":8},"end":{"line":99,"column":8}}]},"7":{"line":104,"type":"if","locations":[{"start":{"line":104,"column":8},"end":{"line":104,"column":8}},{"start":{"line":104,"column":8},"end":{"line":104,"column":8}}]},"8":{"line":119,"type":"if","locations":[{"start":{"line":119,"column":44},"end":{"line":119,"column":44}},{"start":{"line":119,"column":44},"end":{"line":119,"column":44}}]},"9":{"line":119,"type":"if","locations":[{"start":{"line":119,"column":57},"end":{"line":119,"column":57}},{"start":{"line":119,"column":57},"end":{"line":119,"column":57}}]},"10":{"line":120,"type":"if","locations":[{"start":{"line":120,"column":8},"end":{"line":120,"column":8}},{"start":{"line":120,"column":8},"end":{"line":120,"column":8}}]},"11":{"line":123,"type":"if","locations":[{"start":{"line":123,"column":8},"end":{"line":123,"column":8}},{"start":{"line":123,"column":8},"end":{"line":123,"column":8}}]},"12":{"line":126,"type":"if","locations":[{"start":{"line":126,"column":8},"end":{"line":126,"column":8}},{"start":{"line":126,"column":8},"end":{"line":126,"column":8}}]},"13":{"line":157,"type":"if","locations":[{"start":{"line":157,"column":69},"end":{"line":157,"column":69}},{"start":{"line":157,"column":69},"end":{"line":157,"column":69}}]},"14":{"line":163,"type":"if","locations":[{"start":{"line":163,"column":30},"end":{"line":163,"column":30}},{"start":{"line":163,"column":30},"end":{"line":163,"column":30}}]},"15":{"line":167,"type":"if","locations":[{"start":{"line":167,"column":32},"end":{"line":167,"column":32}},{"start":{"line":167,"column":32},"end":{"line":167,"column":32}}]},"16":{"line":183,"type":"if","locations":[{"start":{"line":183,"column":8},"end":{"line":183,"column":8}},{"start":{"line":183,"column":8},"end":{"line":183,"column":8}}]},"17":{"line":183,"type":"cond-expr","locations":[{"start":{"line":183,"column":12},"end":{"line":183,"column":23}},{"start":{"line":183,"column":28},"end":{"line":183,"column":53}}]},"18":{"line":186,"type":"if","locations":[{"start":{"line":186,"column":8},"end":{"line":186,"column":8}},{"start":{"line":186,"column":8},"end":{"line":186,"column":8}}]},"19":{"line":191,"type":"if","locations":[{"start":{"line":191,"column":8},"end":{"line":191,"column":8}},{"start":{"line":191,"column":8},"end":{"line":191,"column":8}}]},"20":{"line":201,"type":"if","locations":[{"start":{"line":201,"column":76},"end":{"line":201,"column":76}},{"start":{"line":201,"column":76},"end":{"line":201,"column":76}}]}}},"contracts\\WithdrawalWallet.sol":{"l":{"69":1,"80":130,"81":129,"83":128,"84":128,"85":128,"86":128,"88":128,"89":128,"90":128,"92":128,"106":71,"107":70,"109":69,"111":69,"122":54,"123":52,"124":4,"128":48,"129":33,"133":39,"136":39,"138":39,"147":3,"155":5,"157":4,"158":4,"160":4,"161":3,"171":25,"172":25,"173":25,"177":4,"181":1,"191":33,"194":33,"195":21,"196":21,"200":33,"203":33,"204":9,"207":24,"215":37},"path":"C:\\Users\\aashu\\OneDrive\\Desktop\\Projects\\bitton-contracts\\contracts\\WithdrawalWallet.sol","s":{"1":1,"2":130,"3":129,"4":128,"5":128,"6":128,"7":128,"8":128,"9":128,"10":128,"11":71,"12":70,"13":69,"14":54,"15":52,"16":48,"17":33,"18":39,"19":39,"20":3,"21":5,"22":1,"23":4,"24":4,"25":4,"26":1,"27":3,"28":25,"29":25,"30":4,"31":1,"32":33,"33":33,"34":33,"35":33,"36":37},"b":{"1":[130,1],"2":[1,129],"3":[1,128],"4":[71,2],"5":[1,70],"6":[1,69],"7":[55,0],"8":[54,1],"9":[2,52],"10":[4,48],"11":[33,15],"12":[1,4],"13":[2,2],"14":[1,3],"15":[25,2],"16":[4,1],"17":[1,1],"18":[21,12],"19":[7,26],"20":[9,24],"21":[1,1]},"f":{"1":1,"2":130,"3":71,"4":54,"5":3,"6":5,"7":25,"8":4,"9":1,"10":33,"11":37,"12":1},"fnMap":{"1":{"name":"constructor","line":68,"loc":{"start":{"line":68,"column":4},"end":{"line":70,"column":4}}},"2":{"name":"initialize","line":79,"loc":{"start":{"line":76,"column":4},"end":{"line":94,"column":4}}},"3":{"name":"addWithdrawable","line":105,"loc":{"start":{"line":105,"column":4},"end":{"line":112,"column":4}}},"4":{"name":"withdraw","line":121,"loc":{"start":{"line":121,"column":4},"end":{"line":139,"column":4}}},"5":{"name":"getWithdrawableBalance","line":146,"loc":{"start":{"line":146,"column":4},"end":{"line":148,"column":4}}},"6":{"name":"getRemainingWeeklyAllowance","line":154,"loc":{"start":{"line":154,"column":4},"end":{"line":162,"column":4}}},"7":{"name":"setWeeklyWithdrawalCap","line":170,"loc":{"start":{"line":170,"column":4},"end":{"line":174,"column":4}}},"8":{"name":"pause","line":176,"loc":{"start":{"line":176,"column":4},"end":{"line":178,"column":4}}},"9":{"name":"unpause","line":180,"loc":{"start":{"line":180,"column":4},"end":{"line":182,"column":4}}},"10":{"name":"_enforceWeeklyCap","line":190,"loc":{"start":{"line":190,"column":4},"end":{"line":208,"column":4}}},"11":{"name":"_currentWeekStart","line":214,"loc":{"start":{"line":214,"column":4},"end":{"line":216,"column":4}}},"12":{"name":"_authorizeUpgrade","line":221,"loc":{"start":{"line":221,"column":4},"end":{"line":221,"column":106}}}},"statementMap":{"1":{"start":{"line":69,"column":8},"end":{"line":69,"column":29}},"2":{"start":{"line":80,"column":8},"end":{"line":80,"column":57}},"3":{"start":{"line":81,"column":8},"end":{"line":81,"column":54}},"4":{"start":{"line":83,"column":8},"end":{"line":83,"column":29}},"5":{"start":{"line":84,"column":8},"end":{"line":84,"column":24}},"6":{"start":{"line":85,"column":8},"end":{"line":85,"column":31}},"7":{"start":{"line":86,"column":8},"end":{"line":86,"column":31}},"8":{"start":{"line":88,"column":8},"end":{"line":88,"column":45}},"9":{"start":{"line":89,"column":8},"end":{"line":89,"column":40}},"10":{"start":{"line":90,"column":8},"end":{"line":90,"column":41}},"11":{"start":{"line":106,"column":8},"end":{"line":106,"column":52}},"12":{"start":{"line":107,"column":8},"end":{"line":107,"column":44}},"13":{"start":{"line":111,"column":8},"end":{"line":111,"column":44}},"14":{"start":{"line":122,"column":8},"end":{"line":122,"column":44}},"15":{"start":{"line":123,"column":8},"end":{"line":123,"column":4638}},"16":{"start":{"line":128,"column":8},"end":{"line":128,"column":4825}},"17":{"start":{"line":129,"column":12},"end":{"line":129,"column":48}},"18":{"start":{"line":136,"column":8},"end":{"line":136,"column":48}},"19":{"start":{"line":138,"column":8},"end":{"line":138,"column":42}},"20":{"start":{"line":147,"column":8},"end":{"line":147,"column":40}},"21":{"start":{"line":155,"column":8},"end":{"line":155,"column":62}},"22":{"start":{"line":155,"column":38},"end":{"line":155,"column":62}},"23":{"start":{"line":157,"column":8},"end":{"line":157,"column":47}},"24":{"start":{"line":158,"column":8},"end":{"line":158,"column":88}},"25":{"start":{"line":160,"column":8},"end":{"line":160,"column":49}},"26":{"start":{"line":160,"column":41},"end":{"line":160,"column":49}},"27":{"start":{"line":161,"column":8},"end":{"line":161,"column":41}},"28":{"start":{"line":171,"column":8},"end":{"line":171,"column":41}},"29":{"start":{"line":173,"column":8},"end":{"line":173,"column":49}},"30":{"start":{"line":177,"column":8},"end":{"line":177,"column":15}},"31":{"start":{"line":181,"column":8},"end":{"line":181,"column":17}},"32":{"start":{"line":191,"column":8},"end":{"line":191,"column":47}},"33":{"start":{"line":194,"column":8},"end":{"line":194,"column":7017}},"34":{"start":{"line":200,"column":8},"end":{"line":200,"column":7298}},"35":{"start":{"line":203,"column":8},"end":{"line":203,"column":7402}},"36":{"start":{"line":215,"column":8},"end":{"line":215,"column":52}}},"branchMap":{"1":{"line":79,"type":"if","locations":[{"start":{"line":79,"column":15},"end":{"line":79,"column":15}},{"start":{"line":79,"column":15},"end":{"line":79,"column":15}}]},"2":{"line":80,"type":"if","locations":[{"start":{"line":80,"column":8},"end":{"line":80,"column":8}},{"start":{"line":80,"column":8},"end":{"line":80,"column":8}}]},"3":{"line":81,"type":"if","locations":[{"start":{"line":81,"column":8},"end":{"line":81,"column":8}},{"start":{"line":81,"column":8},"end":{"line":81,"column":8}}]},"4":{"line":105,"type":"if","locations":[{"start":{"line":105,"column":68},"end":{"line":105,"column":68}},{"start":{"line":105,"column":68},"end":{"line":105,"column":68}}]},"5":{"line":106,"type":"if","locations":[{"start":{"line":106,"column":8},"end":{"line":106,"column":8}},{"start":{"line":106,"column":8},"end":{"line":106,"column":8}}]},"6":{"line":107,"type":"if","locations":[{"start":{"line":107,"column":8},"end":{"line":107,"column":8}},{"start":{"line":107,"column":8},"end":{"line":107,"column":8}}]},"7":{"line":121,"type":"if","locations":[{"start":{"line":121,"column":47},"end":{"line":121,"column":47}},{"start":{"line":121,"column":47},"end":{"line":121,"column":47}}]},"8":{"line":121,"type":"if","locations":[{"start":{"line":121,"column":60},"end":{"line":121,"column":60}},{"start":{"line":121,"column":60},"end":{"line":121,"column":60}}]},"9":{"line":122,"type":"if","locations":[{"start":{"line":122,"column":8},"end":{"line":122,"column":8}},{"start":{"line":122,"column":8},"end":{"line":122,"column":8}}]},"10":{"line":123,"type":"if","locations":[{"start":{"line":123,"column":8},"end":{"line":123,"column":8}},{"start":{"line":123,"column":8},"end":{"line":123,"column":8}}]},"11":{"line":128,"type":"if","locations":[{"start":{"line":128,"column":8},"end":{"line":128,"column":8}},{"start":{"line":128,"column":8},"end":{"line":128,"column":8}}]},"12":{"line":155,"type":"if","locations":[{"start":{"line":155,"column":8},"end":{"line":155,"column":8}},{"start":{"line":155,"column":8},"end":{"line":155,"column":8}}]},"13":{"line":158,"type":"if","locations":[{"start":{"line":158,"column":63},"end":{"line":158,"column":83}},{"start":{"line":158,"column":87},"end":{"line":158,"column":87}}]},"14":{"line":160,"type":"if","locations":[{"start":{"line":160,"column":8},"end":{"line":160,"column":8}},{"start":{"line":160,"column":8},"end":{"line":160,"column":8}}]},"15":{"line":170,"type":"if","locations":[{"start":{"line":170,"column":58},"end":{"line":170,"column":58}},{"start":{"line":170,"column":58},"end":{"line":170,"column":58}}]},"16":{"line":176,"type":"if","locations":[{"start":{"line":176,"column":30},"end":{"line":176,"column":30}},{"start":{"line":176,"column":30},"end":{"line":176,"column":30}}]},"17":{"line":180,"type":"if","locations":[{"start":{"line":180,"column":32},"end":{"line":180,"column":32}},{"start":{"line":180,"column":32},"end":{"line":180,"column":32}}]},"18":{"line":194,"type":"if","locations":[{"start":{"line":194,"column":8},"end":{"line":194,"column":8}},{"start":{"line":194,"column":8},"end":{"line":194,"column":8}}]},"19":{"line":201,"type":"if","locations":[{"start":{"line":201,"column":14},"end":{"line":201,"column":14}},{"start":{"line":202,"column":14},"end":{"line":202,"column":56}}]},"20":{"line":203,"type":"if","locations":[{"start":{"line":203,"column":8},"end":{"line":203,"column":8}},{"start":{"line":203,"column":8},"end":{"line":203,"column":8}}]},"21":{"line":221,"type":"if","locations":[{"start":{"line":221,"column":76},"end":{"line":221,"column":76}},{"start":{"line":221,"column":76},"end":{"line":221,"column":76}}]}}}}